2023-05-12 09:35:57,577 DEBUG [mondrian.sql] 0: SqlStatisticsProvider.getTableCardinality: executing sql [select count(*) from "DB_2631257"."AGG_WI2_WOW167_SALESFACT"]
2023-05-12 09:35:57,618 DEBUG [mondrian.sql] 0: , exec 35 ms
2023-05-12 09:35:57,618 DEBUG [mondrian.sql] 0: , exec+fetch 39 ms, 1 rows
2023-05-12 09:35:57,619 DEBUG [mondrian.sql] 1: AggStar.FactTable.makeNumberOfRows: executing sql [
select
    count(*) as "c0"
from
    "DB_2631257"."AGG_WI2_WOW167_SALESFACT" "AGG_WI2_WOW167_SALESFACT"]
2023-05-12 09:35:57,652 DEBUG [mondrian.sql] 1: , exec 32 ms
2023-05-12 09:35:57,652 DEBUG [mondrian.sql] 1: , exec+fetch 33 ms, 1 rows
2023-05-12 09:36:24,490 DEBUG [mondrian.sql] 2: SqlTupleReader.readTuples [[CUSTDIM.CUSTOMERHIERARCHY].[CUSTOMER_NO]]: executing sql [
select
    "WI2_WOW167_CUSTDIM"."COUNTRYID" as "c0",
    "WI2_WOW167_CUSTDIM"."SALESORGNO" as "c1",
    "WI2_WOW167_CUSTDIM"."SALESORGDESCRIPTION" as "c2",
    "WI2_WOW167_CUSTDIM"."CITYNAME" as "c3",
    "WI2_WOW167_CUSTDIM"."CUSTOMER_NO" as "c4",
    "WI2_WOW167_CUSTDIM"."CUSTOMERDESCRIPTION" as "c5"
from
    "DB_2631257"."WI2_WOW167_CUSTDIM" "WI2_WOW167_CUSTDIM"
group by
    "WI2_WOW167_CUSTDIM"."COUNTRYID",
    "WI2_WOW167_CUSTDIM"."SALESORGNO",
    "WI2_WOW167_CUSTDIM"."SALESORGDESCRIPTION",
    "WI2_WOW167_CUSTDIM"."CITYNAME",
    "WI2_WOW167_CUSTDIM"."CUSTOMER_NO",
    "WI2_WOW167_CUSTDIM"."CUSTOMERDESCRIPTION"
order by
    "WI2_WOW167_CUSTDIM"."COUNTRYID" ASC NULLS LAST,
    "WI2_WOW167_CUSTDIM"."SALESORGNO" ASC NULLS LAST,
    "WI2_WOW167_CUSTDIM"."CITYNAME" ASC NULLS LAST,
    "WI2_WOW167_CUSTDIM"."CUSTOMER_NO" ASC NULLS LAST]
2023-05-12 09:36:24,524 DEBUG [mondrian.sql] 2: , exec 33 ms
2023-05-12 09:36:24,529 DEBUG [mondrian.sql] 2: , exec+fetch 39 ms, 1 rows
2023-05-12 09:36:24,551 DEBUG [mondrian.sql] 3: SqlStatisticsProvider.getColumnCardinality: executing sql [select count(distinct "CUSTOMER_NO") from "DB_2631257"."WI2_WOW167_CUSTDIM"]
2023-05-12 09:36:24,582 DEBUG [mondrian.sql] 3: , exec 30 ms
2023-05-12 09:36:24,582 DEBUG [mondrian.sql] 3: , exec+fetch 30 ms, 1 rows
2023-05-12 09:36:24,611 DEBUG [mondrian.sql] 4: Segment.load: executing sql [
select
    sum("AGG_WI2_WOW167_SALESFACT"."NOOFSALESORDERS") as "m0",
    sum("AGG_WI2_WOW167_SALESFACT"."SALESQUANTITY") as "m1",
    sum("AGG_WI2_WOW167_SALESFACT"."COSTOFGOODSSOLD") as "m2",
    sum("AGG_WI2_WOW167_SALESFACT"."REVENUE") as "m3",
    sum("AGG_WI2_WOW167_SALESFACT"."DISCOUNT") as "m4"
from
    "DB_2631257"."AGG_WI2_WOW167_SALESFACT" "AGG_WI2_WOW167_SALESFACT"]
2023-05-12 09:36:24,641 DEBUG [mondrian.sql] 4: , exec 27 ms
2023-05-12 09:36:24,648 DEBUG [mondrian.sql] 4: , exec+fetch 35 ms, 1 rows
2023-05-12 09:36:24,952 DEBUG [mondrian.sql] 5: Segment.load: executing sql [
select
    "AGG_WI2_WOW167_SALESFACT"."CUSTOMER_NO" as "c0",
    sum("AGG_WI2_WOW167_SALESFACT"."NOOFSALESORDERS") as "m0",
    sum("AGG_WI2_WOW167_SALESFACT"."SALESQUANTITY") as "m1",
    sum("AGG_WI2_WOW167_SALESFACT"."COSTOFGOODSSOLD") as "m2",
    sum("AGG_WI2_WOW167_SALESFACT"."REVENUE") as "m3",
    sum("AGG_WI2_WOW167_SALESFACT"."DISCOUNT") as "m4"
from
    "DB_2631257"."AGG_WI2_WOW167_SALESFACT" "AGG_WI2_WOW167_SALESFACT"
where
    "AGG_WI2_WOW167_SALESFACT"."CUSTOMER_NO" = '1'
group by
    "AGG_WI2_WOW167_SALESFACT"."CUSTOMER_NO"]
2023-05-12 09:36:24,977 DEBUG [mondrian.sql] 5: , exec 24 ms
2023-05-12 09:36:24,978 DEBUG [mondrian.sql] 5: , exec+fetch 26 ms, 1 rows
2023-05-12 09:36:24,983 DEBUG [mondrian.sql] 6: SqlTupleReader.readTuples [[TIMEDIM.TIMEHIERARCHY].[YEAR]]: executing sql [
select
    EXTRACT(YEAR FROM TIME_NO) as "c0"
from
    "DB_2631257"."WI2_WOW167_SALESFACT" "WI2_WOW167_SALESFACT"
group by
    EXTRACT(YEAR FROM TIME_NO)
order by
    EXTRACT(YEAR FROM TIME_NO) ASC NULLS LAST]
2023-05-12 09:36:25,018 DEBUG [mondrian.sql] 6: , exec 34 ms
2023-05-12 09:36:25,019 DEBUG [mondrian.sql] 6: , exec+fetch 36 ms, 1 rows
2023-05-12 09:36:25,028 DEBUG [mondrian.sql] 7: SqlStatisticsProvider.getQueryCardinality: executing sql [
select count(*) from (select distinct
    EXTRACT(YEAR FROM TIME_NO) as "c0"
from
    "DB_2631257"."WI2_WOW167_SALESFACT" "WI2_WOW167_SALESFACT")]
2023-05-12 09:36:25,053 DEBUG [mondrian.sql] 7: , exec 25 ms
2023-05-12 09:36:25,053 DEBUG [mondrian.sql] 7: , exec+fetch 25 ms, 1 rows
2023-05-12 09:36:25,056 DEBUG [mondrian.sql] 8: Segment.load: executing sql [
select
    "AGG_WI2_WOW167_SALESFACT"."CUSTOMER_NO" as "c0",
    "AGG_WI2_WOW167_SALESFACT"."YEAR" as "c1",
    sum("AGG_WI2_WOW167_SALESFACT"."NOOFSALESORDERS") as "m0",
    sum("AGG_WI2_WOW167_SALESFACT"."SALESQUANTITY") as "m1",
    sum("AGG_WI2_WOW167_SALESFACT"."COSTOFGOODSSOLD") as "m2",
    sum("AGG_WI2_WOW167_SALESFACT"."REVENUE") as "m3",
    sum("AGG_WI2_WOW167_SALESFACT"."DISCOUNT") as "m4"
from
    "DB_2631257"."AGG_WI2_WOW167_SALESFACT" "AGG_WI2_WOW167_SALESFACT"
where
    "AGG_WI2_WOW167_SALESFACT"."CUSTOMER_NO" = '1'
and
    "AGG_WI2_WOW167_SALESFACT"."YEAR" = 2023
group by
    "AGG_WI2_WOW167_SALESFACT"."CUSTOMER_NO",
    "AGG_WI2_WOW167_SALESFACT"."YEAR"]
2023-05-12 09:36:25,087 DEBUG [mondrian.sql] 8: , exec 31 ms
2023-05-12 09:36:25,089 DEBUG [mondrian.sql] 8: , exec+fetch 33 ms, 1 rows
2023-05-12 09:36:30,917 DEBUG [mondrian.sql] 9: SqlTupleReader.readTuples [[TIMEDIM.TIMEHIERARCHY].[MONTH]]: executing sql [
select
    EXTRACT(YEAR FROM TIME_NO) as "c0",
    EXTRACT(MONTH FROM TIME_NO) as "c1"
from
    "DB_2631257"."WI2_WOW167_SALESFACT" "WI2_WOW167_SALESFACT"
group by
    EXTRACT(YEAR FROM TIME_NO),
    EXTRACT(MONTH FROM TIME_NO)
order by
    EXTRACT(YEAR FROM TIME_NO) ASC NULLS LAST,
    EXTRACT(MONTH FROM TIME_NO) ASC NULLS LAST]
2023-05-12 09:36:30,946 DEBUG [mondrian.sql] 9: , exec 29 ms
2023-05-12 09:36:30,946 DEBUG [mondrian.sql] 9: , exec+fetch 29 ms, 1 rows
2023-05-12 09:36:30,953 DEBUG [mondrian.sql] 10: SqlStatisticsProvider.getQueryCardinality: executing sql [
select count(*) from (select distinct
    EXTRACT(MONTH FROM TIME_NO) as "c0"
from
    "DB_2631257"."WI2_WOW167_SALESFACT" "WI2_WOW167_SALESFACT")]
2023-05-12 09:36:30,982 DEBUG [mondrian.sql] 10: , exec 29 ms
2023-05-12 09:36:30,982 DEBUG [mondrian.sql] 10: , exec+fetch 29 ms, 1 rows
2023-05-12 09:36:30,985 DEBUG [mondrian.sql] 11: Segment.load: executing sql [
select
    "AGG_WI2_WOW167_SALESFACT"."CUSTOMER_NO" as "c0",
    "AGG_WI2_WOW167_SALESFACT"."YEAR" as "c1",
    "AGG_WI2_WOW167_SALESFACT"."MONTH" as "c2",
    sum("AGG_WI2_WOW167_SALESFACT"."NOOFSALESORDERS") as "m0",
    sum("AGG_WI2_WOW167_SALESFACT"."SALESQUANTITY") as "m1",
    sum("AGG_WI2_WOW167_SALESFACT"."COSTOFGOODSSOLD") as "m2",
    sum("AGG_WI2_WOW167_SALESFACT"."REVENUE") as "m3",
    sum("AGG_WI2_WOW167_SALESFACT"."DISCOUNT") as "m4"
from
    "DB_2631257"."AGG_WI2_WOW167_SALESFACT" "AGG_WI2_WOW167_SALESFACT"
where
    "AGG_WI2_WOW167_SALESFACT"."CUSTOMER_NO" = '1'
and
    "AGG_WI2_WOW167_SALESFACT"."YEAR" = 2023
and
    "AGG_WI2_WOW167_SALESFACT"."MONTH" = 5
group by
    "AGG_WI2_WOW167_SALESFACT"."CUSTOMER_NO",
    "AGG_WI2_WOW167_SALESFACT"."YEAR",
    "AGG_WI2_WOW167_SALESFACT"."MONTH"]
2023-05-12 09:36:31,010 DEBUG [mondrian.sql] 11: , exec 24 ms
2023-05-12 09:36:31,011 DEBUG [mondrian.sql] 11: , exec+fetch 25 ms, 1 rows
2023-05-12 09:38:17,034 DEBUG [mondrian.sql] 12: SqlTupleReader.readTuples [[PRODDIM.PRODUCTHIERARCHY].[PRODUCTCATEGORYNO]]: executing sql [
select
    "WI2_WOW167_PRODDIM"."DIVISIONNO" as "c0",
    "WI2_WOW167_PRODDIM"."DEVISIONDESCRIPTION" as "c1",
    "WI2_WOW167_PRODDIM"."PRODUCTCATEGORYNO" as "c2",
    "WI2_WOW167_PRODDIM"."PRODUCTCATEGORYDESCRIPTION" as "c3"
from
    "DB_2631257"."WI2_WOW167_PRODDIM" "WI2_WOW167_PRODDIM"
group by
    "WI2_WOW167_PRODDIM"."DIVISIONNO",
    "WI2_WOW167_PRODDIM"."DEVISIONDESCRIPTION",
    "WI2_WOW167_PRODDIM"."PRODUCTCATEGORYNO",
    "WI2_WOW167_PRODDIM"."PRODUCTCATEGORYDESCRIPTION"
order by
    "WI2_WOW167_PRODDIM"."DIVISIONNO" ASC NULLS LAST,
    "WI2_WOW167_PRODDIM"."PRODUCTCATEGORYNO" ASC NULLS LAST]
2023-05-12 09:38:17,063 DEBUG [mondrian.sql] 12: , exec 28 ms
2023-05-12 09:38:17,064 DEBUG [mondrian.sql] 12: , exec+fetch 30 ms, 2 rows
2023-05-12 09:38:17,068 DEBUG [mondrian.sql] 13: SqlStatisticsProvider.getColumnCardinality: executing sql [select count(distinct "PRODUCTCATEGORYNO") from "DB_2631257"."WI2_WOW167_PRODDIM"]
2023-05-12 09:38:17,097 DEBUG [mondrian.sql] 13: , exec 28 ms
2023-05-12 09:38:17,097 DEBUG [mondrian.sql] 13: , exec+fetch 29 ms, 1 rows
2023-05-12 09:38:17,098 DEBUG [mondrian.sql] 14: Segment.load: executing sql [
select
    "AGG_WI2_WOW167_SALESFACT"."PRODUCTCATEGORYNO" as "c0",
    "AGG_WI2_WOW167_SALESFACT"."CUSTOMER_NO" as "c1",
    sum("AGG_WI2_WOW167_SALESFACT"."NOOFSALESORDERS") as "m0",
    sum("AGG_WI2_WOW167_SALESFACT"."SALESQUANTITY") as "m1"
from
    "DB_2631257"."AGG_WI2_WOW167_SALESFACT" "AGG_WI2_WOW167_SALESFACT"
where
    "AGG_WI2_WOW167_SALESFACT"."CUSTOMER_NO" = '1'
group by
    "AGG_WI2_WOW167_SALESFACT"."PRODUCTCATEGORYNO",
    "AGG_WI2_WOW167_SALESFACT"."CUSTOMER_NO"]
2023-05-12 09:38:17,130 DEBUG [mondrian.sql] 14: , exec 31 ms
2023-05-12 09:38:17,131 DEBUG [mondrian.sql] 14: , exec+fetch 33 ms, 1 rows
2023-05-12 09:38:23,061 DEBUG [mondrian.sql] 15: Segment.load: executing sql [
select
    "AGG_WI2_WOW167_SALESFACT"."YEAR" as "c0",
    sum("AGG_WI2_WOW167_SALESFACT"."NOOFSALESORDERS") as "m0",
    sum("AGG_WI2_WOW167_SALESFACT"."SALESQUANTITY") as "m1"
from
    "DB_2631257"."AGG_WI2_WOW167_SALESFACT" "AGG_WI2_WOW167_SALESFACT"
where
    "AGG_WI2_WOW167_SALESFACT"."YEAR" = 2023
group by
    "AGG_WI2_WOW167_SALESFACT"."YEAR"]
2023-05-12 09:38:23,089 DEBUG [mondrian.sql] 15: , exec 28 ms
2023-05-12 09:38:23,090 DEBUG [mondrian.sql] 15: , exec+fetch 29 ms, 1 rows
2023-05-12 09:38:23,095 DEBUG [mondrian.sql] 16: Segment.load: executing sql [
select
    "AGG_WI2_WOW167_SALESFACT"."PRODUCTCATEGORYNO" as "c0",
    "AGG_WI2_WOW167_SALESFACT"."CUSTOMER_NO" as "c1",
    "AGG_WI2_WOW167_SALESFACT"."YEAR" as "c2",
    sum("AGG_WI2_WOW167_SALESFACT"."NOOFSALESORDERS") as "m0",
    sum("AGG_WI2_WOW167_SALESFACT"."SALESQUANTITY") as "m1"
from
    "DB_2631257"."AGG_WI2_WOW167_SALESFACT" "AGG_WI2_WOW167_SALESFACT"
where
    "AGG_WI2_WOW167_SALESFACT"."CUSTOMER_NO" = '1'
and
    "AGG_WI2_WOW167_SALESFACT"."YEAR" = 2023
group by
    "AGG_WI2_WOW167_SALESFACT"."PRODUCTCATEGORYNO",
    "AGG_WI2_WOW167_SALESFACT"."CUSTOMER_NO",
    "AGG_WI2_WOW167_SALESFACT"."YEAR"]
2023-05-12 09:38:23,131 DEBUG [mondrian.sql] 16: , exec 35 ms
2023-05-12 09:38:23,131 DEBUG [mondrian.sql] 16: , exec+fetch 36 ms, 1 rows
2023-05-12 09:38:25,971 DEBUG [mondrian.sql] 17: Segment.load: executing sql [
select
    "AGG_WI2_WOW167_SALESFACT"."YEAR" as "c0",
    "AGG_WI2_WOW167_SALESFACT"."MONTH" as "c1",
    sum("AGG_WI2_WOW167_SALESFACT"."NOOFSALESORDERS") as "m0",
    sum("AGG_WI2_WOW167_SALESFACT"."SALESQUANTITY") as "m1"
from
    "DB_2631257"."AGG_WI2_WOW167_SALESFACT" "AGG_WI2_WOW167_SALESFACT"
where
    "AGG_WI2_WOW167_SALESFACT"."YEAR" = 2023
and
    "AGG_WI2_WOW167_SALESFACT"."MONTH" = 5
group by
    "AGG_WI2_WOW167_SALESFACT"."YEAR",
    "AGG_WI2_WOW167_SALESFACT"."MONTH"]
2023-05-12 09:38:26,089 DEBUG [mondrian.sql] 17: , exec 117 ms
2023-05-12 09:38:26,090 DEBUG [mondrian.sql] 17: , exec+fetch 119 ms, 1 rows
2023-05-12 09:38:26,099 DEBUG [mondrian.sql] 18: Segment.load: executing sql [
select
    "AGG_WI2_WOW167_SALESFACT"."PRODUCTCATEGORYNO" as "c0",
    "AGG_WI2_WOW167_SALESFACT"."CUSTOMER_NO" as "c1",
    "AGG_WI2_WOW167_SALESFACT"."YEAR" as "c2",
    "AGG_WI2_WOW167_SALESFACT"."MONTH" as "c3",
    sum("AGG_WI2_WOW167_SALESFACT"."NOOFSALESORDERS") as "m0",
    sum("AGG_WI2_WOW167_SALESFACT"."SALESQUANTITY") as "m1"
from
    "DB_2631257"."AGG_WI2_WOW167_SALESFACT" "AGG_WI2_WOW167_SALESFACT"
where
    "AGG_WI2_WOW167_SALESFACT"."CUSTOMER_NO" = '1'
and
    "AGG_WI2_WOW167_SALESFACT"."YEAR" = 2023
and
    "AGG_WI2_WOW167_SALESFACT"."MONTH" = 5
group by
    "AGG_WI2_WOW167_SALESFACT"."PRODUCTCATEGORYNO",
    "AGG_WI2_WOW167_SALESFACT"."CUSTOMER_NO",
    "AGG_WI2_WOW167_SALESFACT"."YEAR",
    "AGG_WI2_WOW167_SALESFACT"."MONTH"]
2023-05-12 09:38:26,141 DEBUG [mondrian.sql] 18: , exec 42 ms
2023-05-12 09:38:26,142 DEBUG [mondrian.sql] 18: , exec+fetch 43 ms, 1 rows
2023-05-12 09:38:31,289 DEBUG [mondrian.sql] 19: Segment.load: executing sql [
select
    "AGG_WI2_WOW167_SALESFACT"."YEAR" as "c0",
    "AGG_WI2_WOW167_SALESFACT"."MONTH" as "c1",
    sum("AGG_WI2_WOW167_SALESFACT"."COSTOFGOODSSOLD") as "m0"
from
    "DB_2631257"."AGG_WI2_WOW167_SALESFACT" "AGG_WI2_WOW167_SALESFACT"
where
    "AGG_WI2_WOW167_SALESFACT"."YEAR" = 2023
and
    "AGG_WI2_WOW167_SALESFACT"."MONTH" = 5
group by
    "AGG_WI2_WOW167_SALESFACT"."YEAR",
    "AGG_WI2_WOW167_SALESFACT"."MONTH"]
2023-05-12 09:38:31,321 DEBUG [mondrian.sql] 19: , exec 32 ms
2023-05-12 09:38:31,321 DEBUG [mondrian.sql] 19: , exec+fetch 32 ms, 1 rows
2023-05-12 09:38:31,327 DEBUG [mondrian.sql] 20: Segment.load: executing sql [
select
    "AGG_WI2_WOW167_SALESFACT"."PRODUCTCATEGORYNO" as "c0",
    "AGG_WI2_WOW167_SALESFACT"."CUSTOMER_NO" as "c1",
    "AGG_WI2_WOW167_SALESFACT"."YEAR" as "c2",
    "AGG_WI2_WOW167_SALESFACT"."MONTH" as "c3",
    sum("AGG_WI2_WOW167_SALESFACT"."COSTOFGOODSSOLD") as "m0"
from
    "DB_2631257"."AGG_WI2_WOW167_SALESFACT" "AGG_WI2_WOW167_SALESFACT"
where
    "AGG_WI2_WOW167_SALESFACT"."CUSTOMER_NO" = '1'
and
    "AGG_WI2_WOW167_SALESFACT"."YEAR" = 2023
and
    "AGG_WI2_WOW167_SALESFACT"."MONTH" = 5
group by
    "AGG_WI2_WOW167_SALESFACT"."PRODUCTCATEGORYNO",
    "AGG_WI2_WOW167_SALESFACT"."CUSTOMER_NO",
    "AGG_WI2_WOW167_SALESFACT"."YEAR",
    "AGG_WI2_WOW167_SALESFACT"."MONTH"]
2023-05-12 09:38:31,373 DEBUG [mondrian.sql] 20: , exec 45 ms
2023-05-12 09:38:31,373 DEBUG [mondrian.sql] 20: , exec+fetch 46 ms, 1 rows
2023-05-12 09:38:36,107 DEBUG [mondrian.sql] 21: Segment.load: executing sql [
select
    "AGG_WI2_WOW167_SALESFACT"."YEAR" as "c0",
    "AGG_WI2_WOW167_SALESFACT"."MONTH" as "c1",
    sum("AGG_WI2_WOW167_SALESFACT"."REVENUE") as "m0"
from
    "DB_2631257"."AGG_WI2_WOW167_SALESFACT" "AGG_WI2_WOW167_SALESFACT"
where
    "AGG_WI2_WOW167_SALESFACT"."YEAR" = 2023
and
    "AGG_WI2_WOW167_SALESFACT"."MONTH" = 5
group by
    "AGG_WI2_WOW167_SALESFACT"."YEAR",
    "AGG_WI2_WOW167_SALESFACT"."MONTH"]
2023-05-12 09:38:36,173 DEBUG [mondrian.sql] 21: , exec 65 ms
2023-05-12 09:38:36,173 DEBUG [mondrian.sql] 21: , exec+fetch 66 ms, 1 rows
2023-05-12 09:38:36,182 DEBUG [mondrian.sql] 22: Segment.load: executing sql [
select
    "AGG_WI2_WOW167_SALESFACT"."PRODUCTCATEGORYNO" as "c0",
    "AGG_WI2_WOW167_SALESFACT"."CUSTOMER_NO" as "c1",
    "AGG_WI2_WOW167_SALESFACT"."YEAR" as "c2",
    "AGG_WI2_WOW167_SALESFACT"."MONTH" as "c3",
    sum("AGG_WI2_WOW167_SALESFACT"."REVENUE") as "m0"
from
    "DB_2631257"."AGG_WI2_WOW167_SALESFACT" "AGG_WI2_WOW167_SALESFACT"
where
    "AGG_WI2_WOW167_SALESFACT"."CUSTOMER_NO" = '1'
and
    "AGG_WI2_WOW167_SALESFACT"."YEAR" = 2023
and
    "AGG_WI2_WOW167_SALESFACT"."MONTH" = 5
group by
    "AGG_WI2_WOW167_SALESFACT"."PRODUCTCATEGORYNO",
    "AGG_WI2_WOW167_SALESFACT"."CUSTOMER_NO",
    "AGG_WI2_WOW167_SALESFACT"."YEAR",
    "AGG_WI2_WOW167_SALESFACT"."MONTH"]
2023-05-12 09:38:36,438 DEBUG [mondrian.sql] 22: , exec 255 ms
2023-05-12 09:38:36,438 DEBUG [mondrian.sql] 22: , exec+fetch 256 ms, 1 rows
2023-05-12 09:38:38,853 DEBUG [mondrian.sql] 23: Segment.load: executing sql [
select
    "AGG_WI2_WOW167_SALESFACT"."YEAR" as "c0",
    "AGG_WI2_WOW167_SALESFACT"."MONTH" as "c1",
    sum("AGG_WI2_WOW167_SALESFACT"."DISCOUNT") as "m0"
from
    "DB_2631257"."AGG_WI2_WOW167_SALESFACT" "AGG_WI2_WOW167_SALESFACT"
where
    "AGG_WI2_WOW167_SALESFACT"."YEAR" = 2023
and
    "AGG_WI2_WOW167_SALESFACT"."MONTH" = 5
group by
    "AGG_WI2_WOW167_SALESFACT"."YEAR",
    "AGG_WI2_WOW167_SALESFACT"."MONTH"]
2023-05-12 09:38:38,894 DEBUG [mondrian.sql] 23: , exec 41 ms
2023-05-12 09:38:38,895 DEBUG [mondrian.sql] 23: , exec+fetch 41 ms, 1 rows
2023-05-12 09:38:38,900 DEBUG [mondrian.sql] 24: Segment.load: executing sql [
select
    "AGG_WI2_WOW167_SALESFACT"."PRODUCTCATEGORYNO" as "c0",
    "AGG_WI2_WOW167_SALESFACT"."CUSTOMER_NO" as "c1",
    "AGG_WI2_WOW167_SALESFACT"."YEAR" as "c2",
    "AGG_WI2_WOW167_SALESFACT"."MONTH" as "c3",
    sum("AGG_WI2_WOW167_SALESFACT"."DISCOUNT") as "m0"
from
    "DB_2631257"."AGG_WI2_WOW167_SALESFACT" "AGG_WI2_WOW167_SALESFACT"
where
    "AGG_WI2_WOW167_SALESFACT"."CUSTOMER_NO" = '1'
and
    "AGG_WI2_WOW167_SALESFACT"."YEAR" = 2023
and
    "AGG_WI2_WOW167_SALESFACT"."MONTH" = 5
group by
    "AGG_WI2_WOW167_SALESFACT"."PRODUCTCATEGORYNO",
    "AGG_WI2_WOW167_SALESFACT"."CUSTOMER_NO",
    "AGG_WI2_WOW167_SALESFACT"."YEAR",
    "AGG_WI2_WOW167_SALESFACT"."MONTH"]
2023-05-12 09:38:38,995 DEBUG [mondrian.sql] 24: , exec 95 ms
2023-05-12 09:38:38,997 DEBUG [mondrian.sql] 24: , exec+fetch 97 ms, 1 rows
2023-05-12 09:38:41,646 DEBUG [mondrian.sql] 25: SqlTupleReader.readTuples [[PRODDIM.PRODUCTHIERARCHY].[PRODUCTCATEGORYNO], [CUSTDIM.CUSTOMERHIERARCHY].[CUSTOMER_NO]]: executing sql [
select
    "WI2_WOW167_PRODDIM"."DIVISIONNO" as "c0",
    "WI2_WOW167_PRODDIM"."DEVISIONDESCRIPTION" as "c1",
    "AGG_WI2_WOW167_SALESFACT"."PRODUCTCATEGORYNO" as "c2",
    "WI2_WOW167_PRODDIM"."PRODUCTCATEGORYDESCRIPTION" as "c3",
    "WI2_WOW167_CUSTDIM"."COUNTRYID" as "c4",
    "WI2_WOW167_CUSTDIM"."SALESORGNO" as "c5",
    "WI2_WOW167_CUSTDIM"."SALESORGDESCRIPTION" as "c6",
    "WI2_WOW167_CUSTDIM"."CITYNAME" as "c7",
    "AGG_WI2_WOW167_SALESFACT"."CUSTOMER_NO" as "c8",
    "WI2_WOW167_CUSTDIM"."CUSTOMERDESCRIPTION" as "c9"
from
    "DB_2631257"."WI2_WOW167_PRODDIM" "WI2_WOW167_PRODDIM",
    "DB_2631257"."AGG_WI2_WOW167_SALESFACT" "AGG_WI2_WOW167_SALESFACT",
    "DB_2631257"."WI2_WOW167_CUSTDIM" "WI2_WOW167_CUSTDIM"
where
    "AGG_WI2_WOW167_SALESFACT"."PRODUCTCATEGORYNO" = "WI2_WOW167_PRODDIM"."PRODUCTCATEGORYNO"
and
    "WI2_WOW167_PRODDIM"."PRODUCTCATEGORYNO" = "AGG_WI2_WOW167_SALESFACT"."PRODUCTCATEGORYNO"
and
    "AGG_WI2_WOW167_SALESFACT"."CUSTOMER_NO" = "WI2_WOW167_CUSTDIM"."CUSTOMER_NO"
and
    "WI2_WOW167_CUSTDIM"."CUSTOMER_NO" = "AGG_WI2_WOW167_SALESFACT"."CUSTOMER_NO"
and
    "AGG_WI2_WOW167_SALESFACT"."YEAR" = 2023
and
    "AGG_WI2_WOW167_SALESFACT"."MONTH" = 5
group by
    "WI2_WOW167_PRODDIM"."DIVISIONNO",
    "WI2_WOW167_PRODDIM"."DEVISIONDESCRIPTION",
    "AGG_WI2_WOW167_SALESFACT"."PRODUCTCATEGORYNO",
    "WI2_WOW167_PRODDIM"."PRODUCTCATEGORYDESCRIPTION",
    "WI2_WOW167_CUSTDIM"."COUNTRYID",
    "WI2_WOW167_CUSTDIM"."SALESORGNO",
    "WI2_WOW167_CUSTDIM"."SALESORGDESCRIPTION",
    "WI2_WOW167_CUSTDIM"."CITYNAME",
    "AGG_WI2_WOW167_SALESFACT"."CUSTOMER_NO",
    "WI2_WOW167_CUSTDIM"."CUSTOMERDESCRIPTION"
order by
    "WI2_WOW167_PRODDIM"."DIVISIONNO" ASC NULLS LAST,
    "AGG_WI2_WOW167_SALESFACT"."PRODUCTCATEGORYNO" ASC NULLS LAST,
    "WI2_WOW167_CUSTDIM"."COUNTRYID" ASC NULLS LAST,
    "WI2_WOW167_CUSTDIM"."SALESORGNO" ASC NULLS LAST,
    "WI2_WOW167_CUSTDIM"."CITYNAME" ASC NULLS LAST,
    "AGG_WI2_WOW167_SALESFACT"."CUSTOMER_NO" ASC NULLS LAST]
2023-05-12 09:38:41,675 DEBUG [mondrian.sql] 25: , exec 29 ms
2023-05-12 09:38:41,675 DEBUG [mondrian.sql] 25: , exec+fetch 28 ms, 1 rows
2023-05-12 09:38:44,409 DEBUG [mondrian.sql] 26: Segment.load: executing sql [
select
    "AGG_WI2_WOW167_SALESFACT"."PRODUCTCATEGORYNO" as "c0",
    "AGG_WI2_WOW167_SALESFACT"."YEAR" as "c1",
    "AGG_WI2_WOW167_SALESFACT"."MONTH" as "c2",
    sum("AGG_WI2_WOW167_SALESFACT"."NOOFSALESORDERS") as "m0",
    sum("AGG_WI2_WOW167_SALESFACT"."SALESQUANTITY") as "m1",
    sum("AGG_WI2_WOW167_SALESFACT"."COSTOFGOODSSOLD") as "m2",
    sum("AGG_WI2_WOW167_SALESFACT"."REVENUE") as "m3",
    sum("AGG_WI2_WOW167_SALESFACT"."DISCOUNT") as "m4"
from
    "DB_2631257"."AGG_WI2_WOW167_SALESFACT" "AGG_WI2_WOW167_SALESFACT"
where
    "AGG_WI2_WOW167_SALESFACT"."YEAR" = 2023
and
    "AGG_WI2_WOW167_SALESFACT"."MONTH" = 5
group by
    "AGG_WI2_WOW167_SALESFACT"."PRODUCTCATEGORYNO",
    "AGG_WI2_WOW167_SALESFACT"."YEAR",
    "AGG_WI2_WOW167_SALESFACT"."MONTH"]
2023-05-12 09:38:44,443 DEBUG [mondrian.sql] 26: , exec 33 ms
2023-05-12 09:38:44,444 DEBUG [mondrian.sql] 26: , exec+fetch 35 ms, 1 rows
2023-05-12 09:42:10,029 DEBUG [mondrian.sql] 27: Segment.load: executing sql [
select
    "AGG_WI2_WOW167_SALESFACT"."PRODUCTCATEGORYNO" as "c0",
    sum("AGG_WI2_WOW167_SALESFACT"."NOOFSALESORDERS") as "m0"
from
    "DB_2631257"."AGG_WI2_WOW167_SALESFACT" "AGG_WI2_WOW167_SALESFACT"
group by
    "AGG_WI2_WOW167_SALESFACT"."PRODUCTCATEGORYNO"]
2023-05-12 09:42:10,060 DEBUG [mondrian.sql] 27: , exec 30 ms
2023-05-12 09:42:10,061 DEBUG [mondrian.sql] 27: , exec+fetch 31 ms, 1 rows
2023-05-12 09:42:12,126 DEBUG [mondrian.sql] 28: Segment.load: executing sql [
select
    "AGG_WI2_WOW167_SALESFACT"."PRODUCTCATEGORYNO" as "c0",
    sum("AGG_WI2_WOW167_SALESFACT"."SALESQUANTITY") as "m0"
from
    "DB_2631257"."AGG_WI2_WOW167_SALESFACT" "AGG_WI2_WOW167_SALESFACT"
group by
    "AGG_WI2_WOW167_SALESFACT"."PRODUCTCATEGORYNO"]
2023-05-12 09:42:12,171 DEBUG [mondrian.sql] 28: , exec 44 ms
2023-05-12 09:42:12,172 DEBUG [mondrian.sql] 28: , exec+fetch 46 ms, 1 rows
2023-05-12 09:42:14,879 DEBUG [mondrian.sql] 29: Segment.load: executing sql [
select
    "AGG_WI2_WOW167_SALESFACT"."PRODUCTCATEGORYNO" as "c0",
    sum("AGG_WI2_WOW167_SALESFACT"."REVENUE") as "m0"
from
    "DB_2631257"."AGG_WI2_WOW167_SALESFACT" "AGG_WI2_WOW167_SALESFACT"
group by
    "AGG_WI2_WOW167_SALESFACT"."PRODUCTCATEGORYNO"]
2023-05-12 09:42:14,908 DEBUG [mondrian.sql] 29: , exec 29 ms
2023-05-12 09:42:14,909 DEBUG [mondrian.sql] 29: , exec+fetch 30 ms, 1 rows
2023-05-12 09:42:14,913 DEBUG [mondrian.sql] 30: Segment.load: executing sql [
select
    "AGG_WI2_WOW167_SALESFACT"."PRODUCTCATEGORYNO" as "c0",
    "AGG_WI2_WOW167_SALESFACT"."CUSTOMER_NO" as "c1",
    sum("AGG_WI2_WOW167_SALESFACT"."REVENUE") as "m0"
from
    "DB_2631257"."AGG_WI2_WOW167_SALESFACT" "AGG_WI2_WOW167_SALESFACT"
where
    "AGG_WI2_WOW167_SALESFACT"."PRODUCTCATEGORYNO" = '1'
and
    "AGG_WI2_WOW167_SALESFACT"."CUSTOMER_NO" = '1'
group by
    "AGG_WI2_WOW167_SALESFACT"."PRODUCTCATEGORYNO",
    "AGG_WI2_WOW167_SALESFACT"."CUSTOMER_NO"]
2023-05-12 09:42:14,972 DEBUG [mondrian.sql] 30: , exec 59 ms
2023-05-12 09:42:14,972 DEBUG [mondrian.sql] 30: , exec+fetch 59 ms, 1 rows
2023-05-12 09:42:17,333 DEBUG [mondrian.sql] 31: Segment.load: executing sql [
select
    "AGG_WI2_WOW167_SALESFACT"."PRODUCTCATEGORYNO" as "c0",
    sum("AGG_WI2_WOW167_SALESFACT"."DISCOUNT") as "m0"
from
    "DB_2631257"."AGG_WI2_WOW167_SALESFACT" "AGG_WI2_WOW167_SALESFACT"
group by
    "AGG_WI2_WOW167_SALESFACT"."PRODUCTCATEGORYNO"]
2023-05-12 09:42:17,437 DEBUG [mondrian.sql] 31: , exec 104 ms
2023-05-12 09:42:17,438 DEBUG [mondrian.sql] 31: , exec+fetch 105 ms, 1 rows
2023-05-12 09:42:17,441 DEBUG [mondrian.sql] 32: Segment.load: executing sql [
select
    "AGG_WI2_WOW167_SALESFACT"."PRODUCTCATEGORYNO" as "c0",
    "AGG_WI2_WOW167_SALESFACT"."CUSTOMER_NO" as "c1",
    sum("AGG_WI2_WOW167_SALESFACT"."DISCOUNT") as "m0"
from
    "DB_2631257"."AGG_WI2_WOW167_SALESFACT" "AGG_WI2_WOW167_SALESFACT"
where
    "AGG_WI2_WOW167_SALESFACT"."PRODUCTCATEGORYNO" = '1'
and
    "AGG_WI2_WOW167_SALESFACT"."CUSTOMER_NO" = '1'
group by
    "AGG_WI2_WOW167_SALESFACT"."PRODUCTCATEGORYNO",
    "AGG_WI2_WOW167_SALESFACT"."CUSTOMER_NO"]
2023-05-12 09:42:17,480 DEBUG [mondrian.sql] 32: , exec 38 ms
2023-05-12 09:42:17,480 DEBUG [mondrian.sql] 32: , exec+fetch 39 ms, 1 rows
2023-05-12 09:55:30,300 DEBUG [mondrian.sql] 33: SqlTupleReader.readTuples [[CUSTDIM.CUSTOMERHIERARCHY].[SALESORGNO]]: executing sql [
select
    "WI2_WOW167_CUSTDIM"."COUNTRYID" as "c0",
    "WI2_WOW167_CUSTDIM"."SALESORGNO" as "c1",
    "WI2_WOW167_CUSTDIM"."SALESORGDESCRIPTION" as "c2"
from
    "DB_2631257"."WI2_WOW167_CUSTDIM" "WI2_WOW167_CUSTDIM"
group by
    "WI2_WOW167_CUSTDIM"."COUNTRYID",
    "WI2_WOW167_CUSTDIM"."SALESORGNO",
    "WI2_WOW167_CUSTDIM"."SALESORGDESCRIPTION"
order by
    "WI2_WOW167_CUSTDIM"."COUNTRYID" ASC NULLS LAST,
    "WI2_WOW167_CUSTDIM"."SALESORGNO" ASC NULLS LAST]
2023-05-12 09:55:30,348 DEBUG [mondrian.sql] 33: , exec 48 ms
2023-05-12 09:55:30,349 DEBUG [mondrian.sql] 33: , exec+fetch 49 ms, 3 rows
2023-05-12 09:55:30,356 DEBUG [mondrian.sql] 34: SqlStatisticsProvider.getColumnCardinality: executing sql [select count(distinct "COUNTRYID") from "DB_2631257"."WI2_WOW167_CUSTDIM"]
2023-05-12 09:55:30,397 DEBUG [mondrian.sql] 34: , exec 41 ms
2023-05-12 09:55:30,399 DEBUG [mondrian.sql] 34: , exec+fetch 43 ms, 1 rows
2023-05-12 09:55:30,399 DEBUG [mondrian.sql] 35: SqlStatisticsProvider.getColumnCardinality: executing sql [select count(distinct "SALESORGNO") from "DB_2631257"."WI2_WOW167_CUSTDIM"]
2023-05-12 09:55:30,429 DEBUG [mondrian.sql] 35: , exec 30 ms
2023-05-12 09:55:30,429 DEBUG [mondrian.sql] 35: , exec+fetch 30 ms, 1 rows
2023-05-12 09:55:30,433 DEBUG [mondrian.sql] 36: Segment.load: executing sql [
select
    "AGG_WI2_WOW167_SALESFACT"."PRODUCTCATEGORYNO" as "c0",
    "WI2_WOW167_CUSTDIM"."COUNTRYID" as "c1",
    "WI2_WOW167_CUSTDIM"."SALESORGNO" as "c2",
    sum("AGG_WI2_WOW167_SALESFACT"."NOOFSALESORDERS") as "m0",
    sum("AGG_WI2_WOW167_SALESFACT"."SALESQUANTITY") as "m1",
    sum("AGG_WI2_WOW167_SALESFACT"."REVENUE") as "m2",
    sum("AGG_WI2_WOW167_SALESFACT"."DISCOUNT") as "m3"
from
    "DB_2631257"."AGG_WI2_WOW167_SALESFACT" "AGG_WI2_WOW167_SALESFACT",
    "DB_2631257"."WI2_WOW167_CUSTDIM" "WI2_WOW167_CUSTDIM"
where
    "AGG_WI2_WOW167_SALESFACT"."PRODUCTCATEGORYNO" = '1'
and
    "AGG_WI2_WOW167_SALESFACT"."CUSTOMER_NO" = "WI2_WOW167_CUSTDIM"."CUSTOMER_NO"
group by
    "AGG_WI2_WOW167_SALESFACT"."PRODUCTCATEGORYNO",
    "WI2_WOW167_CUSTDIM"."COUNTRYID",
    "WI2_WOW167_CUSTDIM"."SALESORGNO"]
2023-05-12 09:55:30,468 DEBUG [mondrian.sql] 36: , exec 35 ms
2023-05-12 09:55:30,470 DEBUG [mondrian.sql] 36: , exec+fetch 36 ms, 1 rows
2023-05-12 09:55:37,587 DEBUG [mondrian.sql] 37: SqlTupleReader.readTuples [[PRODDIM.PRODUCTHIERARCHY].[PRODUCT_NO]]: executing sql [
select
    "WI2_WOW167_PRODDIM"."DIVISIONNO" as "c0",
    "WI2_WOW167_PRODDIM"."DEVISIONDESCRIPTION" as "c1",
    "WI2_WOW167_PRODDIM"."PRODUCTCATEGORYNO" as "c2",
    "WI2_WOW167_PRODDIM"."PRODUCTCATEGORYDESCRIPTION" as "c3",
    "WI2_WOW167_PRODDIM"."PRODUCT_NO" as "c4",
    "WI2_WOW167_PRODDIM"."PRODUCTDESCRIPTION" as "c5"
from
    "DB_2631257"."WI2_WOW167_PRODDIM" "WI2_WOW167_PRODDIM"
group by
    "WI2_WOW167_PRODDIM"."DIVISIONNO",
    "WI2_WOW167_PRODDIM"."DEVISIONDESCRIPTION",
    "WI2_WOW167_PRODDIM"."PRODUCTCATEGORYNO",
    "WI2_WOW167_PRODDIM"."PRODUCTCATEGORYDESCRIPTION",
    "WI2_WOW167_PRODDIM"."PRODUCT_NO",
    "WI2_WOW167_PRODDIM"."PRODUCTDESCRIPTION"
order by
    "WI2_WOW167_PRODDIM"."DIVISIONNO" ASC NULLS LAST,
    "WI2_WOW167_PRODDIM"."PRODUCTCATEGORYNO" ASC NULLS LAST,
    "WI2_WOW167_PRODDIM"."PRODUCT_NO" ASC NULLS LAST]
2023-05-12 09:55:37,626 DEBUG [mondrian.sql] 37: , exec 38 ms
2023-05-12 09:55:37,626 DEBUG [mondrian.sql] 37: , exec+fetch 39 ms, 2 rows
2023-05-12 09:55:37,630 DEBUG [mondrian.sql] 38: SqlStatisticsProvider.getColumnCardinality: executing sql [select count(distinct "PRODUCT_NO") from "DB_2631257"."WI2_WOW167_PRODDIM"]
2023-05-12 09:55:37,656 DEBUG [mondrian.sql] 38: , exec 25 ms
2023-05-12 09:55:37,656 DEBUG [mondrian.sql] 38: , exec+fetch 26 ms, 1 rows
2023-05-12 09:55:37,662 DEBUG [mondrian.sql] 39: Segment.load: executing sql [
select
    "WI2_WOW167_PRODDIM"."PRODUCTCATEGORYNO" as "c0",
    "WI2_WOW167_PRODDIM"."PRODUCT_NO" as "c1",
    sum("WI2_WOW167_SALESFACT"."NOOFSALESORDERS") as "m0",
    sum("WI2_WOW167_SALESFACT"."SALESQUANTITY") as "m1",
    sum("WI2_WOW167_SALESFACT"."REVENUE") as "m2",
    sum("WI2_WOW167_SALESFACT"."DISCOUNT") as "m3"
from
    "DB_2631257"."WI2_WOW167_PRODDIM" "WI2_WOW167_PRODDIM",
    "DB_2631257"."WI2_WOW167_SALESFACT" "WI2_WOW167_SALESFACT"
where
    "WI2_WOW167_SALESFACT"."PRODUCT_NO" = "WI2_WOW167_PRODDIM"."PRODUCT_NO"
group by
    "WI2_WOW167_PRODDIM"."PRODUCTCATEGORYNO",
    "WI2_WOW167_PRODDIM"."PRODUCT_NO"]
2023-05-12 09:55:37,697 DEBUG [mondrian.sql] 39: , exec 35 ms
2023-05-12 09:55:37,698 DEBUG [mondrian.sql] 39: , exec+fetch 35 ms, 1 rows
2023-05-12 09:55:37,711 DEBUG [mondrian.sql] 40: Segment.load: executing sql [
select
    "WI2_WOW167_PRODDIM"."PRODUCTCATEGORYNO" as "c0",
    "WI2_WOW167_PRODDIM"."PRODUCT_NO" as "c1",
    "WI2_WOW167_CUSTDIM"."CUSTOMER_NO" as "c2",
    sum("WI2_WOW167_SALESFACT"."NOOFSALESORDERS") as "m0",
    sum("WI2_WOW167_SALESFACT"."SALESQUANTITY") as "m1",
    sum("WI2_WOW167_SALESFACT"."REVENUE") as "m2",
    sum("WI2_WOW167_SALESFACT"."DISCOUNT") as "m3"
from
    "DB_2631257"."WI2_WOW167_PRODDIM" "WI2_WOW167_PRODDIM",
    "DB_2631257"."WI2_WOW167_SALESFACT" "WI2_WOW167_SALESFACT",
    "DB_2631257"."WI2_WOW167_CUSTDIM" "WI2_WOW167_CUSTDIM"
where
    "WI2_WOW167_SALESFACT"."PRODUCT_NO" = "WI2_WOW167_PRODDIM"."PRODUCT_NO"
and
    "WI2_WOW167_PRODDIM"."PRODUCTCATEGORYNO" = '1'
and
    "WI2_WOW167_PRODDIM"."PRODUCT_NO" = '1'
and
    "WI2_WOW167_SALESFACT"."CUSTOMER_NO" = "WI2_WOW167_CUSTDIM"."CUSTOMER_NO"
and
    "WI2_WOW167_CUSTDIM"."CUSTOMER_NO" = '1'
group by
    "WI2_WOW167_PRODDIM"."PRODUCTCATEGORYNO",
    "WI2_WOW167_PRODDIM"."PRODUCT_NO",
    "WI2_WOW167_CUSTDIM"."CUSTOMER_NO"]
2023-05-12 09:55:37,763 DEBUG [mondrian.sql] 40: , exec 52 ms
2023-05-12 09:55:37,764 DEBUG [mondrian.sql] 40: , exec+fetch 53 ms, 1 rows
2023-05-12 09:55:38,062 DEBUG [mondrian.sql] 41: Segment.load: executing sql [
select
    "WI2_WOW167_PRODDIM"."PRODUCTCATEGORYNO" as "c0",
    "WI2_WOW167_PRODDIM"."PRODUCT_NO" as "c1",
    "WI2_WOW167_CUSTDIM"."COUNTRYID" as "c2",
    "WI2_WOW167_CUSTDIM"."SALESORGNO" as "c3",
    sum("WI2_WOW167_SALESFACT"."NOOFSALESORDERS") as "m0",
    sum("WI2_WOW167_SALESFACT"."SALESQUANTITY") as "m1",
    sum("WI2_WOW167_SALESFACT"."REVENUE") as "m2",
    sum("WI2_WOW167_SALESFACT"."DISCOUNT") as "m3"
from
    "DB_2631257"."WI2_WOW167_PRODDIM" "WI2_WOW167_PRODDIM",
    "DB_2631257"."WI2_WOW167_SALESFACT" "WI2_WOW167_SALESFACT",
    "DB_2631257"."WI2_WOW167_CUSTDIM" "WI2_WOW167_CUSTDIM"
where
    "WI2_WOW167_SALESFACT"."PRODUCT_NO" = "WI2_WOW167_PRODDIM"."PRODUCT_NO"
and
    "WI2_WOW167_PRODDIM"."PRODUCTCATEGORYNO" = '1'
and
    "WI2_WOW167_PRODDIM"."PRODUCT_NO" = '1'
and
    "WI2_WOW167_SALESFACT"."CUSTOMER_NO" = "WI2_WOW167_CUSTDIM"."CUSTOMER_NO"
group by
    "WI2_WOW167_PRODDIM"."PRODUCTCATEGORYNO",
    "WI2_WOW167_PRODDIM"."PRODUCT_NO",
    "WI2_WOW167_CUSTDIM"."COUNTRYID",
    "WI2_WOW167_CUSTDIM"."SALESORGNO"]
2023-05-12 09:55:38,110 DEBUG [mondrian.sql] 41: , exec 47 ms
2023-05-12 09:55:38,111 DEBUG [mondrian.sql] 41: , exec+fetch 49 ms, 1 rows
2023-05-12 09:58:23,996 DEBUG [mondrian.sql] 42: Segment.load: executing sql [
select
    "WI2_WOW167_CUSTDIM"."COUNTRYID" as "c0",
    "WI2_WOW167_CUSTDIM"."SALESORGNO" as "c1",
    sum("AGG_WI2_WOW167_SALESFACT"."NOOFSALESORDERS") as "m0",
    sum("AGG_WI2_WOW167_SALESFACT"."SALESQUANTITY") as "m1",
    sum("AGG_WI2_WOW167_SALESFACT"."REVENUE") as "m2",
    sum("AGG_WI2_WOW167_SALESFACT"."DISCOUNT") as "m3"
from
    "DB_2631257"."WI2_WOW167_CUSTDIM" "WI2_WOW167_CUSTDIM",
    "DB_2631257"."AGG_WI2_WOW167_SALESFACT" "AGG_WI2_WOW167_SALESFACT"
where
    "AGG_WI2_WOW167_SALESFACT"."CUSTOMER_NO" = "WI2_WOW167_CUSTDIM"."CUSTOMER_NO"
group by
    "WI2_WOW167_CUSTDIM"."COUNTRYID",
    "WI2_WOW167_CUSTDIM"."SALESORGNO"]
2023-05-12 09:58:24,196 DEBUG [mondrian.sql] 42: , exec 199 ms
2023-05-12 09:58:24,198 DEBUG [mondrian.sql] 42: , exec+fetch 201 ms, 1 rows
2023-05-12 10:10:58,175 DEBUG [mondrian.sql] 43: SqlTupleReader.readTuples [[CUSTDIM.CUSTOMERHIERARCHY].[CITYNAME]]: executing sql [
select
    "WI2_WOW167_CUSTDIM"."COUNTRYID" as "c0",
    "WI2_WOW167_CUSTDIM"."SALESORGNO" as "c1",
    "WI2_WOW167_CUSTDIM"."SALESORGDESCRIPTION" as "c2",
    "WI2_WOW167_CUSTDIM"."CITYNAME" as "c3"
from
    "DB_2631257"."WI2_WOW167_CUSTDIM" "WI2_WOW167_CUSTDIM"
group by
    "WI2_WOW167_CUSTDIM"."COUNTRYID",
    "WI2_WOW167_CUSTDIM"."SALESORGNO",
    "WI2_WOW167_CUSTDIM"."SALESORGDESCRIPTION",
    "WI2_WOW167_CUSTDIM"."CITYNAME"
order by
    "WI2_WOW167_CUSTDIM"."COUNTRYID" ASC NULLS LAST,
    "WI2_WOW167_CUSTDIM"."SALESORGNO" ASC NULLS LAST,
    "WI2_WOW167_CUSTDIM"."CITYNAME" ASC NULLS LAST]
2023-05-12 10:10:58,216 DEBUG [mondrian.sql] 43: , exec 40 ms
2023-05-12 10:10:58,219 DEBUG [mondrian.sql] 43: , exec+fetch 43 ms, 4 rows
2023-05-12 10:10:58,223 DEBUG [mondrian.sql] 44: SqlStatisticsProvider.getColumnCardinality: executing sql [select count(distinct "CITYNAME") from "DB_2631257"."WI2_WOW167_CUSTDIM"]
2023-05-12 10:10:58,248 DEBUG [mondrian.sql] 44: , exec 24 ms
2023-05-12 10:10:58,248 DEBUG [mondrian.sql] 44: , exec+fetch 25 ms, 1 rows
2023-05-12 10:10:58,251 DEBUG [mondrian.sql] 45: Segment.load: executing sql [
select
    "WI2_WOW167_CUSTDIM"."COUNTRYID" as "c0",
    "WI2_WOW167_CUSTDIM"."SALESORGNO" as "c1",
    "WI2_WOW167_CUSTDIM"."CITYNAME" as "c2",
    sum("AGG_WI2_WOW167_SALESFACT"."NOOFSALESORDERS") as "m0",
    sum("AGG_WI2_WOW167_SALESFACT"."SALESQUANTITY") as "m1",
    sum("AGG_WI2_WOW167_SALESFACT"."REVENUE") as "m2",
    sum("AGG_WI2_WOW167_SALESFACT"."DISCOUNT") as "m3"
from
    "DB_2631257"."WI2_WOW167_CUSTDIM" "WI2_WOW167_CUSTDIM",
    "DB_2631257"."AGG_WI2_WOW167_SALESFACT" "AGG_WI2_WOW167_SALESFACT"
where
    "AGG_WI2_WOW167_SALESFACT"."CUSTOMER_NO" = "WI2_WOW167_CUSTDIM"."CUSTOMER_NO"
and
    "WI2_WOW167_CUSTDIM"."SALESORGNO" = '1'
group by
    "WI2_WOW167_CUSTDIM"."COUNTRYID",
    "WI2_WOW167_CUSTDIM"."SALESORGNO",
    "WI2_WOW167_CUSTDIM"."CITYNAME"]
2023-05-12 10:10:58,286 DEBUG [mondrian.sql] 45: , exec 34 ms
2023-05-12 10:10:58,287 DEBUG [mondrian.sql] 45: , exec+fetch 36 ms, 1 rows
2023-05-12 10:13:05,788 DEBUG [mondrian.sql] 46: SqlTupleReader.readTuples [[PRODDIM.PRODUCTHIERARCHY].[PRODUCT_NO], [CUSTDIM.CUSTOMERHIERARCHY].[CUSTOMER_NO]]: executing sql [
select
    "WI2_WOW167_PRODDIM"."DIVISIONNO" as "c0",
    "WI2_WOW167_PRODDIM"."DEVISIONDESCRIPTION" as "c1",
    "WI2_WOW167_PRODDIM"."PRODUCTCATEGORYNO" as "c2",
    "WI2_WOW167_PRODDIM"."PRODUCTCATEGORYDESCRIPTION" as "c3",
    "WI2_WOW167_PRODDIM"."PRODUCT_NO" as "c4",
    "WI2_WOW167_PRODDIM"."PRODUCTDESCRIPTION" as "c5",
    "WI2_WOW167_CUSTDIM"."COUNTRYID" as "c6",
    "WI2_WOW167_CUSTDIM"."SALESORGNO" as "c7",
    "WI2_WOW167_CUSTDIM"."SALESORGDESCRIPTION" as "c8",
    "WI2_WOW167_CUSTDIM"."CITYNAME" as "c9",
    "WI2_WOW167_CUSTDIM"."CUSTOMER_NO" as "c10",
    "WI2_WOW167_CUSTDIM"."CUSTOMERDESCRIPTION" as "c11"
from
    "DB_2631257"."WI2_WOW167_PRODDIM" "WI2_WOW167_PRODDIM",
    "DB_2631257"."WI2_WOW167_SALESFACT" "WI2_WOW167_SALESFACT",
    "DB_2631257"."WI2_WOW167_CUSTDIM" "WI2_WOW167_CUSTDIM"
where
    "WI2_WOW167_SALESFACT"."PRODUCT_NO" = "WI2_WOW167_PRODDIM"."PRODUCT_NO"
and
    "WI2_WOW167_SALESFACT"."CUSTOMER_NO" = "WI2_WOW167_CUSTDIM"."CUSTOMER_NO"
group by
    "WI2_WOW167_PRODDIM"."DIVISIONNO",
    "WI2_WOW167_PRODDIM"."DEVISIONDESCRIPTION",
    "WI2_WOW167_PRODDIM"."PRODUCTCATEGORYNO",
    "WI2_WOW167_PRODDIM"."PRODUCTCATEGORYDESCRIPTION",
    "WI2_WOW167_PRODDIM"."PRODUCT_NO",
    "WI2_WOW167_PRODDIM"."PRODUCTDESCRIPTION",
    "WI2_WOW167_CUSTDIM"."COUNTRYID",
    "WI2_WOW167_CUSTDIM"."SALESORGNO",
    "WI2_WOW167_CUSTDIM"."SALESORGDESCRIPTION",
    "WI2_WOW167_CUSTDIM"."CITYNAME",
    "WI2_WOW167_CUSTDIM"."CUSTOMER_NO",
    "WI2_WOW167_CUSTDIM"."CUSTOMERDESCRIPTION"
order by
    "WI2_WOW167_PRODDIM"."DIVISIONNO" ASC NULLS LAST,
    "WI2_WOW167_PRODDIM"."PRODUCTCATEGORYNO" ASC NULLS LAST,
    "WI2_WOW167_PRODDIM"."PRODUCT_NO" ASC NULLS LAST,
    "WI2_WOW167_CUSTDIM"."COUNTRYID" ASC NULLS LAST,
    "WI2_WOW167_CUSTDIM"."SALESORGNO" ASC NULLS LAST,
    "WI2_WOW167_CUSTDIM"."CITYNAME" ASC NULLS LAST,
    "WI2_WOW167_CUSTDIM"."CUSTOMER_NO" ASC NULLS LAST]
2023-05-12 10:13:05,841 DEBUG [mondrian.sql] 46: , exec 53 ms
2023-05-12 10:13:05,842 DEBUG [mondrian.sql] 46: , exec+fetch 54 ms, 1 rows
2023-05-12 10:16:08,418 DEBUG [mondrian.sql] 47: SqlTupleReader.readTuples [[PRODDIM.PRODUCTHIERARCHY].[PRODUCTCATEGORYNO], [CUSTDIM.CUSTOMERHIERARCHY].[CUSTOMER_NO]]: executing sql [
select
    "WI2_WOW167_PRODDIM"."DIVISIONNO" as "c0",
    "WI2_WOW167_PRODDIM"."DEVISIONDESCRIPTION" as "c1",
    "AGG_WI2_WOW167_SALESFACT"."PRODUCTCATEGORYNO" as "c2",
    "WI2_WOW167_PRODDIM"."PRODUCTCATEGORYDESCRIPTION" as "c3",
    "WI2_WOW167_CUSTDIM"."COUNTRYID" as "c4",
    "WI2_WOW167_CUSTDIM"."SALESORGNO" as "c5",
    "WI2_WOW167_CUSTDIM"."SALESORGDESCRIPTION" as "c6",
    "WI2_WOW167_CUSTDIM"."CITYNAME" as "c7",
    "AGG_WI2_WOW167_SALESFACT"."CUSTOMER_NO" as "c8",
    "WI2_WOW167_CUSTDIM"."CUSTOMERDESCRIPTION" as "c9"
from
    "DB_2631257"."WI2_WOW167_PRODDIM" "WI2_WOW167_PRODDIM",
    "DB_2631257"."AGG_WI2_WOW167_SALESFACT" "AGG_WI2_WOW167_SALESFACT",
    "DB_2631257"."WI2_WOW167_CUSTDIM" "WI2_WOW167_CUSTDIM"
where
    "AGG_WI2_WOW167_SALESFACT"."PRODUCTCATEGORYNO" = "WI2_WOW167_PRODDIM"."PRODUCTCATEGORYNO"
and
    "WI2_WOW167_PRODDIM"."PRODUCTCATEGORYNO" = "AGG_WI2_WOW167_SALESFACT"."PRODUCTCATEGORYNO"
and
    "AGG_WI2_WOW167_SALESFACT"."CUSTOMER_NO" = "WI2_WOW167_CUSTDIM"."CUSTOMER_NO"
and
    "WI2_WOW167_CUSTDIM"."CUSTOMER_NO" = "AGG_WI2_WOW167_SALESFACT"."CUSTOMER_NO"
group by
    "WI2_WOW167_PRODDIM"."DIVISIONNO",
    "WI2_WOW167_PRODDIM"."DEVISIONDESCRIPTION",
    "AGG_WI2_WOW167_SALESFACT"."PRODUCTCATEGORYNO",
    "WI2_WOW167_PRODDIM"."PRODUCTCATEGORYDESCRIPTION",
    "WI2_WOW167_CUSTDIM"."COUNTRYID",
    "WI2_WOW167_CUSTDIM"."SALESORGNO",
    "WI2_WOW167_CUSTDIM"."SALESORGDESCRIPTION",
    "WI2_WOW167_CUSTDIM"."CITYNAME",
    "AGG_WI2_WOW167_SALESFACT"."CUSTOMER_NO",
    "WI2_WOW167_CUSTDIM"."CUSTOMERDESCRIPTION"
order by
    "WI2_WOW167_PRODDIM"."DIVISIONNO" ASC NULLS LAST,
    "AGG_WI2_WOW167_SALESFACT"."PRODUCTCATEGORYNO" ASC NULLS LAST,
    "WI2_WOW167_CUSTDIM"."COUNTRYID" ASC NULLS LAST,
    "WI2_WOW167_CUSTDIM"."SALESORGNO" ASC NULLS LAST,
    "WI2_WOW167_CUSTDIM"."CITYNAME" ASC NULLS LAST,
    "AGG_WI2_WOW167_SALESFACT"."CUSTOMER_NO" ASC NULLS LAST]
2023-05-12 10:16:08,485 DEBUG [mondrian.sql] 47: , exec 67 ms
2023-05-12 10:16:08,485 DEBUG [mondrian.sql] 47: , exec+fetch 67 ms, 1 rows
2023-05-12 10:17:20,241 DEBUG [mondrian.sql] 48: SqlTupleReader.readTuples [[CUSTDIM.CUSTOMERHIERARCHY].[COUNTRYID]]: executing sql [
select
    "WI2_WOW167_CUSTDIM"."COUNTRYID" as "c0"
from
    "DB_2631257"."WI2_WOW167_CUSTDIM" "WI2_WOW167_CUSTDIM"
group by
    "WI2_WOW167_CUSTDIM"."COUNTRYID"
order by
    "WI2_WOW167_CUSTDIM"."COUNTRYID" ASC NULLS LAST]
2023-05-12 10:17:20,268 DEBUG [mondrian.sql] 48: , exec 28 ms
2023-05-12 10:17:20,269 DEBUG [mondrian.sql] 48: , exec+fetch 28 ms, 2 rows
2023-05-12 10:19:00,464 DEBUG [mondrian.sql] 49: SqlTupleReader.readTuples [[PRODDIM.PRODUCTHIERARCHY].[DIVISIONNO]]: executing sql [
select
    "WI2_WOW167_PRODDIM"."DIVISIONNO" as "c0",
    "WI2_WOW167_PRODDIM"."DEVISIONDESCRIPTION" as "c1"
from
    "DB_2631257"."WI2_WOW167_PRODDIM" "WI2_WOW167_PRODDIM"
group by
    "WI2_WOW167_PRODDIM"."DIVISIONNO",
    "WI2_WOW167_PRODDIM"."DEVISIONDESCRIPTION"
order by
    "WI2_WOW167_PRODDIM"."DIVISIONNO" ASC NULLS LAST]
2023-05-12 10:19:00,551 DEBUG [mondrian.sql] 49: , exec 87 ms
2023-05-12 10:19:00,552 DEBUG [mondrian.sql] 49: , exec+fetch 88 ms, 2 rows
2023-05-12 10:19:00,553 DEBUG [mondrian.sql] 50: SqlStatisticsProvider.getColumnCardinality: executing sql [select count(distinct "DIVISIONNO") from "DB_2631257"."WI2_WOW167_PRODDIM"]
2023-05-12 10:19:00,582 DEBUG [mondrian.sql] 50: , exec 28 ms
2023-05-12 10:19:00,582 DEBUG [mondrian.sql] 50: , exec+fetch 29 ms, 1 rows
2023-05-12 10:19:00,585 DEBUG [mondrian.sql] 51: Segment.load: executing sql [
select
    "WI2_WOW167_PRODDIM"."DIVISIONNO" as "c0",
    sum("AGG_WI2_WOW167_SALESFACT"."NOOFSALESORDERS") as "m0",
    sum("AGG_WI2_WOW167_SALESFACT"."SALESQUANTITY") as "m1",
    sum("AGG_WI2_WOW167_SALESFACT"."REVENUE") as "m2",
    sum("AGG_WI2_WOW167_SALESFACT"."DISCOUNT") as "m3"
from
    "DB_2631257"."WI2_WOW167_PRODDIM" "WI2_WOW167_PRODDIM",
    "DB_2631257"."AGG_WI2_WOW167_SALESFACT" "AGG_WI2_WOW167_SALESFACT"
where
    "AGG_WI2_WOW167_SALESFACT"."PRODUCTCATEGORYNO" = "WI2_WOW167_PRODDIM"."PRODUCTCATEGORYNO"
group by
    "WI2_WOW167_PRODDIM"."DIVISIONNO"]
2023-05-12 10:19:00,717 DEBUG [mondrian.sql] 51: , exec 132 ms
2023-05-12 10:19:00,719 DEBUG [mondrian.sql] 51: , exec+fetch 133 ms, 1 rows
2023-05-12 10:19:00,723 DEBUG [mondrian.sql] 52: Segment.load: executing sql [
select
    "WI2_WOW167_PRODDIM"."DIVISIONNO" as "c0",
    "WI2_WOW167_CUSTDIM"."COUNTRYID" as "c1",
    "WI2_WOW167_CUSTDIM"."SALESORGNO" as "c2",
    sum("AGG_WI2_WOW167_SALESFACT"."NOOFSALESORDERS") as "m0",
    sum("AGG_WI2_WOW167_SALESFACT"."SALESQUANTITY") as "m1",
    sum("AGG_WI2_WOW167_SALESFACT"."REVENUE") as "m2",
    sum("AGG_WI2_WOW167_SALESFACT"."DISCOUNT") as "m3"
from
    "DB_2631257"."WI2_WOW167_PRODDIM" "WI2_WOW167_PRODDIM",
    "DB_2631257"."AGG_WI2_WOW167_SALESFACT" "AGG_WI2_WOW167_SALESFACT",
    "DB_2631257"."WI2_WOW167_CUSTDIM" "WI2_WOW167_CUSTDIM"
where
    "AGG_WI2_WOW167_SALESFACT"."PRODUCTCATEGORYNO" = "WI2_WOW167_PRODDIM"."PRODUCTCATEGORYNO"
and
    "WI2_WOW167_PRODDIM"."DIVISIONNO" = '1'
and
    "AGG_WI2_WOW167_SALESFACT"."CUSTOMER_NO" = "WI2_WOW167_CUSTDIM"."CUSTOMER_NO"
group by
    "WI2_WOW167_PRODDIM"."DIVISIONNO",
    "WI2_WOW167_CUSTDIM"."COUNTRYID",
    "WI2_WOW167_CUSTDIM"."SALESORGNO"]
2023-05-12 10:19:01,089 DEBUG [mondrian.sql] 52: , exec 366 ms
2023-05-12 10:19:01,090 DEBUG [mondrian.sql] 52: , exec+fetch 367 ms, 1 rows
2023-05-12 10:22:28,762 DEBUG [mondrian.sql] 53: SqlTupleReader.readTuples [[TIMEDIM.TIMEHIERARCHY].[DAY]]: executing sql [
select
    EXTRACT(YEAR FROM TIME_NO) as "c0",
    EXTRACT(MONTH FROM TIME_NO) as "c1",
    EXTRACT(DAY FROM TIME_NO) as "c2"
from
    "DB_2631257"."WI2_WOW167_SALESFACT" "WI2_WOW167_SALESFACT"
group by
    EXTRACT(YEAR FROM TIME_NO),
    EXTRACT(MONTH FROM TIME_NO),
    EXTRACT(DAY FROM TIME_NO)
order by
    EXTRACT(YEAR FROM TIME_NO) ASC NULLS LAST,
    EXTRACT(MONTH FROM TIME_NO) ASC NULLS LAST,
    EXTRACT(DAY FROM TIME_NO) ASC NULLS LAST]
2023-05-12 10:22:28,792 DEBUG [mondrian.sql] 53: , exec 30 ms
2023-05-12 10:22:28,792 DEBUG [mondrian.sql] 53: , exec+fetch 30 ms, 1 rows
2023-05-12 10:22:28,794 DEBUG [mondrian.sql] 54: SqlStatisticsProvider.getQueryCardinality: executing sql [
select count(*) from (select distinct
    EXTRACT(DAY FROM TIME_NO) as "c0"
from
    "DB_2631257"."WI2_WOW167_SALESFACT" "WI2_WOW167_SALESFACT")]
2023-05-12 10:22:28,824 DEBUG [mondrian.sql] 54: , exec 30 ms
2023-05-12 10:22:28,824 DEBUG [mondrian.sql] 54: , exec+fetch 30 ms, 1 rows
2023-05-12 10:22:28,829 DEBUG [mondrian.sql] 55: Segment.load: executing sql [
select
    EXTRACT(YEAR FROM TIME_NO) as "c0",
    EXTRACT(MONTH FROM TIME_NO) as "c1",
    EXTRACT(DAY FROM TIME_NO) as "c2",
    sum("WI2_WOW167_SALESFACT"."NOOFSALESORDERS") as "m0",
    sum("WI2_WOW167_SALESFACT"."SALESQUANTITY") as "m1",
    sum("WI2_WOW167_SALESFACT"."REVENUE") as "m2",
    sum("WI2_WOW167_SALESFACT"."DISCOUNT") as "m3"
from
    "DB_2631257"."WI2_WOW167_SALESFACT" "WI2_WOW167_SALESFACT"
where
    EXTRACT(YEAR FROM TIME_NO) = 2023
and
    EXTRACT(MONTH FROM TIME_NO) = 5
and
    EXTRACT(DAY FROM TIME_NO) = 1
group by
    EXTRACT(YEAR FROM TIME_NO),
    EXTRACT(MONTH FROM TIME_NO),
    EXTRACT(DAY FROM TIME_NO)]
2023-05-12 10:22:28,877 DEBUG [mondrian.sql] 55: , exec 48 ms
2023-05-12 10:22:28,879 DEBUG [mondrian.sql] 55: , exec+fetch 49 ms, 1 rows
2023-05-12 10:22:29,135 DEBUG [mondrian.sql] 56: Segment.load: executing sql [
select
    "WI2_WOW167_PRODDIM"."DIVISIONNO" as "c0",
    EXTRACT(YEAR FROM TIME_NO) as "c1",
    EXTRACT(MONTH FROM TIME_NO) as "c2",
    EXTRACT(DAY FROM TIME_NO) as "c3",
    sum("WI2_WOW167_SALESFACT"."NOOFSALESORDERS") as "m0",
    sum("WI2_WOW167_SALESFACT"."SALESQUANTITY") as "m1",
    sum("WI2_WOW167_SALESFACT"."REVENUE") as "m2",
    sum("WI2_WOW167_SALESFACT"."DISCOUNT") as "m3"
from
    "DB_2631257"."WI2_WOW167_PRODDIM" "WI2_WOW167_PRODDIM",
    "DB_2631257"."WI2_WOW167_SALESFACT" "WI2_WOW167_SALESFACT"
where
    "WI2_WOW167_SALESFACT"."PRODUCT_NO" = "WI2_WOW167_PRODDIM"."PRODUCT_NO"
and
    EXTRACT(YEAR FROM TIME_NO) = 2023
and
    EXTRACT(MONTH FROM TIME_NO) = 5
and
    EXTRACT(DAY FROM TIME_NO) = 1
group by
    "WI2_WOW167_PRODDIM"."DIVISIONNO",
    EXTRACT(YEAR FROM TIME_NO),
    EXTRACT(MONTH FROM TIME_NO),
    EXTRACT(DAY FROM TIME_NO)]
2023-05-12 10:22:29,175 DEBUG [mondrian.sql] 56: , exec 40 ms
2023-05-12 10:22:29,176 DEBUG [mondrian.sql] 56: , exec+fetch 41 ms, 1 rows
2023-05-12 10:22:29,186 DEBUG [mondrian.sql] 57: Segment.load: executing sql [
select
    "WI2_WOW167_PRODDIM"."DIVISIONNO" as "c0",
    "WI2_WOW167_CUSTDIM"."COUNTRYID" as "c1",
    "WI2_WOW167_CUSTDIM"."SALESORGNO" as "c2",
    EXTRACT(YEAR FROM TIME_NO) as "c3",
    EXTRACT(MONTH FROM TIME_NO) as "c4",
    EXTRACT(DAY FROM TIME_NO) as "c5",
    sum("WI2_WOW167_SALESFACT"."NOOFSALESORDERS") as "m0",
    sum("WI2_WOW167_SALESFACT"."SALESQUANTITY") as "m1",
    sum("WI2_WOW167_SALESFACT"."REVENUE") as "m2",
    sum("WI2_WOW167_SALESFACT"."DISCOUNT") as "m3"
from
    "DB_2631257"."WI2_WOW167_PRODDIM" "WI2_WOW167_PRODDIM",
    "DB_2631257"."WI2_WOW167_SALESFACT" "WI2_WOW167_SALESFACT",
    "DB_2631257"."WI2_WOW167_CUSTDIM" "WI2_WOW167_CUSTDIM"
where
    "WI2_WOW167_SALESFACT"."PRODUCT_NO" = "WI2_WOW167_PRODDIM"."PRODUCT_NO"
and
    "WI2_WOW167_PRODDIM"."DIVISIONNO" = '1'
and
    "WI2_WOW167_SALESFACT"."CUSTOMER_NO" = "WI2_WOW167_CUSTDIM"."CUSTOMER_NO"
and
    EXTRACT(YEAR FROM TIME_NO) = 2023
and
    EXTRACT(MONTH FROM TIME_NO) = 5
and
    EXTRACT(DAY FROM TIME_NO) = 1
group by
    "WI2_WOW167_PRODDIM"."DIVISIONNO",
    "WI2_WOW167_CUSTDIM"."COUNTRYID",
    "WI2_WOW167_CUSTDIM"."SALESORGNO",
    EXTRACT(YEAR FROM TIME_NO),
    EXTRACT(MONTH FROM TIME_NO),
    EXTRACT(DAY FROM TIME_NO)]
2023-05-12 10:22:29,236 DEBUG [mondrian.sql] 57: , exec 50 ms
2023-05-12 10:22:29,238 DEBUG [mondrian.sql] 57: , exec+fetch 52 ms, 1 rows
2023-05-12 10:23:47,860 DEBUG [mondrian.sql] 58: Segment.load: executing sql [
select
    "WI2_WOW167_PRODDIM"."DIVISIONNO" as "c0",
    "WI2_WOW167_CUSTDIM"."COUNTRYID" as "c1",
    "WI2_WOW167_CUSTDIM"."SALESORGNO" as "c2",
    "WI2_WOW167_CUSTDIM"."CITYNAME" as "c3",
    EXTRACT(YEAR FROM TIME_NO) as "c4",
    EXTRACT(MONTH FROM TIME_NO) as "c5",
    EXTRACT(DAY FROM TIME_NO) as "c6",
    sum("WI2_WOW167_SALESFACT"."NOOFSALESORDERS") as "m0",
    sum("WI2_WOW167_SALESFACT"."SALESQUANTITY") as "m1",
    sum("WI2_WOW167_SALESFACT"."REVENUE") as "m2",
    sum("WI2_WOW167_SALESFACT"."DISCOUNT") as "m3"
from
    "DB_2631257"."WI2_WOW167_PRODDIM" "WI2_WOW167_PRODDIM",
    "DB_2631257"."WI2_WOW167_SALESFACT" "WI2_WOW167_SALESFACT",
    "DB_2631257"."WI2_WOW167_CUSTDIM" "WI2_WOW167_CUSTDIM"
where
    "WI2_WOW167_SALESFACT"."PRODUCT_NO" = "WI2_WOW167_PRODDIM"."PRODUCT_NO"
and
    "WI2_WOW167_PRODDIM"."DIVISIONNO" = '1'
and
    "WI2_WOW167_SALESFACT"."CUSTOMER_NO" = "WI2_WOW167_CUSTDIM"."CUSTOMER_NO"
and
    "WI2_WOW167_CUSTDIM"."SALESORGNO" = '1'
and
    EXTRACT(YEAR FROM TIME_NO) = 2023
and
    EXTRACT(MONTH FROM TIME_NO) = 5
and
    EXTRACT(DAY FROM TIME_NO) = 1
group by
    "WI2_WOW167_PRODDIM"."DIVISIONNO",
    "WI2_WOW167_CUSTDIM"."COUNTRYID",
    "WI2_WOW167_CUSTDIM"."SALESORGNO",
    "WI2_WOW167_CUSTDIM"."CITYNAME",
    EXTRACT(YEAR FROM TIME_NO),
    EXTRACT(MONTH FROM TIME_NO),
    EXTRACT(DAY FROM TIME_NO)]
2023-05-12 10:23:47,939 DEBUG [mondrian.sql] 58: , exec 79 ms
2023-05-12 10:23:47,940 DEBUG [mondrian.sql] 58: , exec+fetch 80 ms, 1 rows
2023-05-12 10:26:19,810 DEBUG [mondrian.sql] 59: Segment.load: executing sql [
select
    "WI2_WOW167_PRODDIM"."PRODUCTCATEGORYNO" as "c0",
    "WI2_WOW167_PRODDIM"."PRODUCT_NO" as "c1",
    EXTRACT(YEAR FROM TIME_NO) as "c2",
    EXTRACT(MONTH FROM TIME_NO) as "c3",
    EXTRACT(DAY FROM TIME_NO) as "c4",
    sum("WI2_WOW167_SALESFACT"."NOOFSALESORDERS") as "m0",
    sum("WI2_WOW167_SALESFACT"."SALESQUANTITY") as "m1",
    sum("WI2_WOW167_SALESFACT"."REVENUE") as "m2",
    sum("WI2_WOW167_SALESFACT"."DISCOUNT") as "m3"
from
    "DB_2631257"."WI2_WOW167_PRODDIM" "WI2_WOW167_PRODDIM",
    "DB_2631257"."WI2_WOW167_SALESFACT" "WI2_WOW167_SALESFACT"
where
    "WI2_WOW167_SALESFACT"."PRODUCT_NO" = "WI2_WOW167_PRODDIM"."PRODUCT_NO"
and
    EXTRACT(YEAR FROM TIME_NO) = 2023
and
    EXTRACT(MONTH FROM TIME_NO) = 5
and
    EXTRACT(DAY FROM TIME_NO) = 1
group by
    "WI2_WOW167_PRODDIM"."PRODUCTCATEGORYNO",
    "WI2_WOW167_PRODDIM"."PRODUCT_NO",
    EXTRACT(YEAR FROM TIME_NO),
    EXTRACT(MONTH FROM TIME_NO),
    EXTRACT(DAY FROM TIME_NO)]
2023-05-12 10:26:19,867 DEBUG [mondrian.sql] 59: , exec 58 ms
2023-05-12 10:26:19,868 DEBUG [mondrian.sql] 59: , exec+fetch 58 ms, 1 rows
2023-05-12 10:26:30,433 DEBUG [mondrian.sql] 60: Segment.load: executing sql [
select
    "WI2_WOW167_PRODDIM"."DIVISIONNO" as "c0",
    "WI2_WOW167_CUSTDIM"."COUNTRYID" as "c1",
    "WI2_WOW167_CUSTDIM"."SALESORGNO" as "c2",
    sum("AGG_WI2_WOW167_SALESFACT"."NOOFSALESORDERS") as "m0",
    sum("AGG_WI2_WOW167_SALESFACT"."SALESQUANTITY") as "m1",
    sum("AGG_WI2_WOW167_SALESFACT"."REVENUE") as "m2",
    sum("AGG_WI2_WOW167_SALESFACT"."DISCOUNT") as "m3"
from
    "DB_2631257"."WI2_WOW167_PRODDIM" "WI2_WOW167_PRODDIM",
    "DB_2631257"."AGG_WI2_WOW167_SALESFACT" "AGG_WI2_WOW167_SALESFACT",
    "DB_2631257"."WI2_WOW167_CUSTDIM" "WI2_WOW167_CUSTDIM"
where
    "AGG_WI2_WOW167_SALESFACT"."PRODUCTCATEGORYNO" = "WI2_WOW167_PRODDIM"."PRODUCTCATEGORYNO"
and
    "WI2_WOW167_PRODDIM"."DIVISIONNO" = '2'
and
    "AGG_WI2_WOW167_SALESFACT"."CUSTOMER_NO" = "WI2_WOW167_CUSTDIM"."CUSTOMER_NO"
and
    "WI2_WOW167_CUSTDIM"."COUNTRYID" = 'DE'
and
    "WI2_WOW167_CUSTDIM"."SALESORGNO" = '1'
group by
    "WI2_WOW167_PRODDIM"."DIVISIONNO",
    "WI2_WOW167_CUSTDIM"."COUNTRYID",
    "WI2_WOW167_CUSTDIM"."SALESORGNO"]
2023-05-12 10:26:30,471 DEBUG [mondrian.sql] 60: , exec 37 ms
2023-05-12 10:26:30,473 DEBUG [mondrian.sql] 60: , exec+fetch 40 ms, 0 rows
2023-05-12 10:26:30,723 DEBUG [mondrian.sql] 61: Segment.load: executing sql [
select
    "WI2_WOW167_PRODDIM"."PRODUCTCATEGORYNO" as "c0",
    "WI2_WOW167_PRODDIM"."PRODUCT_NO" as "c1",
    "WI2_WOW167_CUSTDIM"."COUNTRYID" as "c2",
    "WI2_WOW167_CUSTDIM"."SALESORGNO" as "c3",
    sum("WI2_WOW167_SALESFACT"."NOOFSALESORDERS") as "m0",
    sum("WI2_WOW167_SALESFACT"."SALESQUANTITY") as "m1",
    sum("WI2_WOW167_SALESFACT"."REVENUE") as "m2",
    sum("WI2_WOW167_SALESFACT"."DISCOUNT") as "m3"
from
    "DB_2631257"."WI2_WOW167_PRODDIM" "WI2_WOW167_PRODDIM",
    "DB_2631257"."WI2_WOW167_SALESFACT" "WI2_WOW167_SALESFACT",
    "DB_2631257"."WI2_WOW167_CUSTDIM" "WI2_WOW167_CUSTDIM"
where
    "WI2_WOW167_SALESFACT"."PRODUCT_NO" = "WI2_WOW167_PRODDIM"."PRODUCT_NO"
and
    "WI2_WOW167_PRODDIM"."PRODUCTCATEGORYNO" = '2'
and
    "WI2_WOW167_PRODDIM"."PRODUCT_NO" = '2'
and
    "WI2_WOW167_SALESFACT"."CUSTOMER_NO" = "WI2_WOW167_CUSTDIM"."CUSTOMER_NO"
and
    "WI2_WOW167_CUSTDIM"."COUNTRYID" = 'DE'
and
    "WI2_WOW167_CUSTDIM"."SALESORGNO" = '1'
group by
    "WI2_WOW167_PRODDIM"."PRODUCTCATEGORYNO",
    "WI2_WOW167_PRODDIM"."PRODUCT_NO",
    "WI2_WOW167_CUSTDIM"."COUNTRYID",
    "WI2_WOW167_CUSTDIM"."SALESORGNO"]
2023-05-12 10:26:30,762 DEBUG [mondrian.sql] 61: , exec 38 ms
2023-05-12 10:26:30,762 DEBUG [mondrian.sql] 61: , exec+fetch 39 ms, 0 rows
2023-05-12 10:26:33,626 DEBUG [mondrian.sql] 62: Segment.load: executing sql [
select
    "WI2_WOW167_PRODDIM"."DIVISIONNO" as "c0",
    "WI2_WOW167_CUSTDIM"."COUNTRYID" as "c1",
    "WI2_WOW167_CUSTDIM"."SALESORGNO" as "c2",
    "WI2_WOW167_CUSTDIM"."CITYNAME" as "c3",
    sum("AGG_WI2_WOW167_SALESFACT"."NOOFSALESORDERS") as "m0",
    sum("AGG_WI2_WOW167_SALESFACT"."SALESQUANTITY") as "m1",
    sum("AGG_WI2_WOW167_SALESFACT"."REVENUE") as "m2",
    sum("AGG_WI2_WOW167_SALESFACT"."DISCOUNT") as "m3"
from
    "DB_2631257"."WI2_WOW167_PRODDIM" "WI2_WOW167_PRODDIM",
    "DB_2631257"."AGG_WI2_WOW167_SALESFACT" "AGG_WI2_WOW167_SALESFACT",
    "DB_2631257"."WI2_WOW167_CUSTDIM" "WI2_WOW167_CUSTDIM"
where
    "AGG_WI2_WOW167_SALESFACT"."PRODUCTCATEGORYNO" = "WI2_WOW167_PRODDIM"."PRODUCTCATEGORYNO"
and
    "AGG_WI2_WOW167_SALESFACT"."CUSTOMER_NO" = "WI2_WOW167_CUSTDIM"."CUSTOMER_NO"
and
    "WI2_WOW167_CUSTDIM"."COUNTRYID" = 'DE'
and
    "WI2_WOW167_CUSTDIM"."SALESORGNO" = '1'
and
    "WI2_WOW167_CUSTDIM"."CITYNAME" = 'Hamburg'
group by
    "WI2_WOW167_PRODDIM"."DIVISIONNO",
    "WI2_WOW167_CUSTDIM"."COUNTRYID",
    "WI2_WOW167_CUSTDIM"."SALESORGNO",
    "WI2_WOW167_CUSTDIM"."CITYNAME"]
2023-05-12 10:26:33,627 DEBUG [mondrian.sql] 63: Segment.load: executing sql [
select
    "WI2_WOW167_PRODDIM"."PRODUCTCATEGORYNO" as "c0",
    "WI2_WOW167_PRODDIM"."PRODUCT_NO" as "c1",
    "WI2_WOW167_CUSTDIM"."COUNTRYID" as "c2",
    "WI2_WOW167_CUSTDIM"."SALESORGNO" as "c3",
    "WI2_WOW167_CUSTDIM"."CITYNAME" as "c4",
    sum("WI2_WOW167_SALESFACT"."NOOFSALESORDERS") as "m0",
    sum("WI2_WOW167_SALESFACT"."SALESQUANTITY") as "m1",
    sum("WI2_WOW167_SALESFACT"."REVENUE") as "m2",
    sum("WI2_WOW167_SALESFACT"."DISCOUNT") as "m3"
from
    "DB_2631257"."WI2_WOW167_PRODDIM" "WI2_WOW167_PRODDIM",
    "DB_2631257"."WI2_WOW167_SALESFACT" "WI2_WOW167_SALESFACT",
    "DB_2631257"."WI2_WOW167_CUSTDIM" "WI2_WOW167_CUSTDIM"
where
    "WI2_WOW167_SALESFACT"."PRODUCT_NO" = "WI2_WOW167_PRODDIM"."PRODUCT_NO"
and
    "WI2_WOW167_SALESFACT"."CUSTOMER_NO" = "WI2_WOW167_CUSTDIM"."CUSTOMER_NO"
and
    "WI2_WOW167_CUSTDIM"."COUNTRYID" = 'DE'
and
    "WI2_WOW167_CUSTDIM"."SALESORGNO" = '1'
and
    "WI2_WOW167_CUSTDIM"."CITYNAME" = 'Hamburg'
group by
    "WI2_WOW167_PRODDIM"."PRODUCTCATEGORYNO",
    "WI2_WOW167_PRODDIM"."PRODUCT_NO",
    "WI2_WOW167_CUSTDIM"."COUNTRYID",
    "WI2_WOW167_CUSTDIM"."SALESORGNO",
    "WI2_WOW167_CUSTDIM"."CITYNAME"]
2023-05-12 10:26:33,657 DEBUG [mondrian.sql] 62: , exec 31 ms
2023-05-12 10:26:33,659 DEBUG [mondrian.sql] 62: , exec+fetch 33 ms, 1 rows
2023-05-12 10:26:33,667 DEBUG [mondrian.sql] 63: , exec 39 ms
2023-05-12 10:26:33,668 DEBUG [mondrian.sql] 63: , exec+fetch 41 ms, 1 rows
2023-05-12 10:27:31,518 DEBUG [mondrian.sql] 64: Segment.load: executing sql [
select
    "AGG_WI2_WOW167_SALESFACT"."PRODUCTCATEGORYNO" as "c0",
    "AGG_WI2_WOW167_SALESFACT"."CUSTOMER_NO" as "c1",
    sum("AGG_WI2_WOW167_SALESFACT"."REVENUE") as "m0",
    sum("AGG_WI2_WOW167_SALESFACT"."DISCOUNT") as "m1"
from
    "DB_2631257"."AGG_WI2_WOW167_SALESFACT" "AGG_WI2_WOW167_SALESFACT"
where
    "AGG_WI2_WOW167_SALESFACT"."PRODUCTCATEGORYNO" = '2'
and
    "AGG_WI2_WOW167_SALESFACT"."CUSTOMER_NO" = '1'
group by
    "AGG_WI2_WOW167_SALESFACT"."PRODUCTCATEGORYNO",
    "AGG_WI2_WOW167_SALESFACT"."CUSTOMER_NO"]
2023-05-12 10:27:31,564 DEBUG [mondrian.sql] 64: , exec 45 ms
2023-05-12 10:27:31,565 DEBUG [mondrian.sql] 64: , exec+fetch 47 ms, 0 rows
2023-05-12 10:27:54,712 DEBUG [mondrian.sql] 65: Segment.load: executing sql [
select
    "WI2_WOW167_PRODDIM"."DIVISIONNO" as "c0",
    "AGG_WI2_WOW167_SALESFACT"."CUSTOMER_NO" as "c1",
    sum("AGG_WI2_WOW167_SALESFACT"."NOOFSALESORDERS") as "m0",
    sum("AGG_WI2_WOW167_SALESFACT"."SALESQUANTITY") as "m1",
    sum("AGG_WI2_WOW167_SALESFACT"."REVENUE") as "m2",
    sum("AGG_WI2_WOW167_SALESFACT"."DISCOUNT") as "m3"
from
    "DB_2631257"."WI2_WOW167_PRODDIM" "WI2_WOW167_PRODDIM",
    "DB_2631257"."AGG_WI2_WOW167_SALESFACT" "AGG_WI2_WOW167_SALESFACT"
where
    "AGG_WI2_WOW167_SALESFACT"."PRODUCTCATEGORYNO" = "WI2_WOW167_PRODDIM"."PRODUCTCATEGORYNO"
and
    "AGG_WI2_WOW167_SALESFACT"."CUSTOMER_NO" = '1'
group by
    "WI2_WOW167_PRODDIM"."DIVISIONNO",
    "AGG_WI2_WOW167_SALESFACT"."CUSTOMER_NO"]
2023-05-12 10:27:54,744 DEBUG [mondrian.sql] 65: , exec 32 ms
2023-05-12 10:27:54,745 DEBUG [mondrian.sql] 65: , exec+fetch 33 ms, 1 rows
2023-05-12 10:28:35,867 DEBUG [mondrian.sql] 66: Segment.load: executing sql [
select
    "WI2_WOW167_CUSTDIM"."CUSTOMER_NO" as "c0",
    EXTRACT(YEAR FROM TIME_NO) as "c1",
    EXTRACT(MONTH FROM TIME_NO) as "c2",
    EXTRACT(DAY FROM TIME_NO) as "c3",
    sum("WI2_WOW167_SALESFACT"."NOOFSALESORDERS") as "m0",
    sum("WI2_WOW167_SALESFACT"."SALESQUANTITY") as "m1",
    sum("WI2_WOW167_SALESFACT"."REVENUE") as "m2",
    sum("WI2_WOW167_SALESFACT"."DISCOUNT") as "m3"
from
    "DB_2631257"."WI2_WOW167_CUSTDIM" "WI2_WOW167_CUSTDIM",
    "DB_2631257"."WI2_WOW167_SALESFACT" "WI2_WOW167_SALESFACT"
where
    "WI2_WOW167_SALESFACT"."CUSTOMER_NO" = "WI2_WOW167_CUSTDIM"."CUSTOMER_NO"
and
    "WI2_WOW167_CUSTDIM"."CUSTOMER_NO" = '1'
and
    EXTRACT(YEAR FROM TIME_NO) = 2023
and
    EXTRACT(MONTH FROM TIME_NO) = 5
and
    EXTRACT(DAY FROM TIME_NO) = 1
group by
    "WI2_WOW167_CUSTDIM"."CUSTOMER_NO",
    EXTRACT(YEAR FROM TIME_NO),
    EXTRACT(MONTH FROM TIME_NO),
    EXTRACT(DAY FROM TIME_NO)]
2023-05-12 10:28:35,910 DEBUG [mondrian.sql] 66: , exec 43 ms
2023-05-12 10:28:35,912 DEBUG [mondrian.sql] 66: , exec+fetch 44 ms, 1 rows
2023-05-12 10:28:35,919 DEBUG [mondrian.sql] 67: Segment.load: executing sql [
select
    "WI2_WOW167_PRODDIM"."DIVISIONNO" as "c0",
    "WI2_WOW167_CUSTDIM"."CUSTOMER_NO" as "c1",
    EXTRACT(YEAR FROM TIME_NO) as "c2",
    EXTRACT(MONTH FROM TIME_NO) as "c3",
    EXTRACT(DAY FROM TIME_NO) as "c4",
    sum("WI2_WOW167_SALESFACT"."NOOFSALESORDERS") as "m0",
    sum("WI2_WOW167_SALESFACT"."SALESQUANTITY") as "m1",
    sum("WI2_WOW167_SALESFACT"."REVENUE") as "m2",
    sum("WI2_WOW167_SALESFACT"."DISCOUNT") as "m3"
from
    "DB_2631257"."WI2_WOW167_PRODDIM" "WI2_WOW167_PRODDIM",
    "DB_2631257"."WI2_WOW167_SALESFACT" "WI2_WOW167_SALESFACT",
    "DB_2631257"."WI2_WOW167_CUSTDIM" "WI2_WOW167_CUSTDIM"
where
    "WI2_WOW167_SALESFACT"."PRODUCT_NO" = "WI2_WOW167_PRODDIM"."PRODUCT_NO"
and
    "WI2_WOW167_SALESFACT"."CUSTOMER_NO" = "WI2_WOW167_CUSTDIM"."CUSTOMER_NO"
and
    "WI2_WOW167_CUSTDIM"."CUSTOMER_NO" = '1'
and
    EXTRACT(YEAR FROM TIME_NO) = 2023
and
    EXTRACT(MONTH FROM TIME_NO) = 5
and
    EXTRACT(DAY FROM TIME_NO) = 1
group by
    "WI2_WOW167_PRODDIM"."DIVISIONNO",
    "WI2_WOW167_CUSTDIM"."CUSTOMER_NO",
    EXTRACT(YEAR FROM TIME_NO),
    EXTRACT(MONTH FROM TIME_NO),
    EXTRACT(DAY FROM TIME_NO)]
2023-05-12 10:28:36,025 DEBUG [mondrian.sql] 67: , exec 104 ms
2023-05-12 10:28:36,025 DEBUG [mondrian.sql] 67: , exec+fetch 106 ms, 1 rows
2023-05-12 10:28:36,295 DEBUG [mondrian.sql] 68: Segment.load: executing sql [
select
    "WI2_WOW167_PRODDIM"."PRODUCTCATEGORYNO" as "c0",
    "WI2_WOW167_CUSTDIM"."CUSTOMER_NO" as "c1",
    EXTRACT(YEAR FROM TIME_NO) as "c2",
    EXTRACT(MONTH FROM TIME_NO) as "c3",
    EXTRACT(DAY FROM TIME_NO) as "c4",
    sum("WI2_WOW167_SALESFACT"."NOOFSALESORDERS") as "m0",
    sum("WI2_WOW167_SALESFACT"."SALESQUANTITY") as "m1",
    sum("WI2_WOW167_SALESFACT"."REVENUE") as "m2",
    sum("WI2_WOW167_SALESFACT"."DISCOUNT") as "m3"
from
    "DB_2631257"."WI2_WOW167_PRODDIM" "WI2_WOW167_PRODDIM",
    "DB_2631257"."WI2_WOW167_SALESFACT" "WI2_WOW167_SALESFACT",
    "DB_2631257"."WI2_WOW167_CUSTDIM" "WI2_WOW167_CUSTDIM"
where
    "WI2_WOW167_SALESFACT"."PRODUCT_NO" = "WI2_WOW167_PRODDIM"."PRODUCT_NO"
and
    "WI2_WOW167_SALESFACT"."CUSTOMER_NO" = "WI2_WOW167_CUSTDIM"."CUSTOMER_NO"
and
    "WI2_WOW167_CUSTDIM"."CUSTOMER_NO" = '1'
and
    EXTRACT(YEAR FROM TIME_NO) = 2023
and
    EXTRACT(MONTH FROM TIME_NO) = 5
and
    EXTRACT(DAY FROM TIME_NO) = 1
group by
    "WI2_WOW167_PRODDIM"."PRODUCTCATEGORYNO",
    "WI2_WOW167_CUSTDIM"."CUSTOMER_NO",
    EXTRACT(YEAR FROM TIME_NO),
    EXTRACT(MONTH FROM TIME_NO),
    EXTRACT(DAY FROM TIME_NO)]
2023-05-12 10:28:36,338 DEBUG [mondrian.sql] 68: , exec 42 ms
2023-05-12 10:28:36,338 DEBUG [mondrian.sql] 68: , exec+fetch 43 ms, 1 rows
