2023-06-09 11:00:31,146 DEBUG [mondrian.sql] 0: SqlStatisticsProvider.getTableCardinality: executing sql [select count(*) from "DB_2631257"."AGG_WI2_WOW167_SALESFACT"]
2023-06-09 11:00:31,199 DEBUG [mondrian.sql] 0: , exec 49 ms
2023-06-09 11:00:31,199 DEBUG [mondrian.sql] 0: , exec+fetch 53 ms, 1 rows
2023-06-09 11:00:31,209 DEBUG [mondrian.sql] 1: AggStar.FactTable.makeNumberOfRows: executing sql [
select
    count(*) as "c0"
from
    "DB_2631257"."AGG_WI2_WOW167_SALESFACT" "AGG_WI2_WOW167_SALESFACT"]
2023-06-09 11:00:31,239 DEBUG [mondrian.sql] 1: , exec 30 ms
2023-06-09 11:00:31,239 DEBUG [mondrian.sql] 1: , exec+fetch 30 ms, 1 rows
2023-06-09 11:00:48,088 DEBUG [mondrian.sql] 2: SqlTupleReader.readTuples [[PRODDIM.PRODUCTHIERARCHY].[DIVISIONNO]]: executing sql [
select
    "WI2_WOW167_PRODDIM"."DIVISIONNO" as "c0",
    "WI2_WOW167_PRODDIM"."DIVISIONDESCRIPTION" as "c1"
from
    "DB_2631257"."WI2_WOW167_PRODDIM" "WI2_WOW167_PRODDIM"
group by
    "WI2_WOW167_PRODDIM"."DIVISIONNO",
    "WI2_WOW167_PRODDIM"."DIVISIONDESCRIPTION"
order by
    "WI2_WOW167_PRODDIM"."DIVISIONNO" ASC NULLS LAST]
2023-06-09 11:00:48,135 DEBUG [mondrian.sql] 2: , exec 45 ms
2023-06-09 11:00:48,137 DEBUG [mondrian.sql] 2: , exec+fetch 49 ms, 2 rows
2023-06-09 11:00:48,155 DEBUG [mondrian.sql] 3: SqlStatisticsProvider.getColumnCardinality: executing sql [select count(distinct "DIVISIONNO") from "DB_2631257"."WI2_WOW167_PRODDIM"]
2023-06-09 11:00:48,201 DEBUG [mondrian.sql] 3: , exec 45 ms
2023-06-09 11:00:48,201 DEBUG [mondrian.sql] 3: , exec+fetch 46 ms, 1 rows
2023-06-09 11:00:48,221 DEBUG [mondrian.sql] 4: Segment.load: executing sql [
select
    "AGG_WI2_WOW167_SALESFACT"."DIVISIONNO" as "c0",
    sum("AGG_WI2_WOW167_SALESFACT"."NOOFSALESORDERS") as "m0",
    sum("AGG_WI2_WOW167_SALESFACT"."SALESQUANTITY") as "m1",
    sum("AGG_WI2_WOW167_SALESFACT"."COSTOFGOODSSOLD") as "m2",
    sum("AGG_WI2_WOW167_SALESFACT"."REVENUEUSD") as "m3",
    sum("AGG_WI2_WOW167_SALESFACT"."REVENUEEUR") as "m4",
    sum("AGG_WI2_WOW167_SALESFACT"."DISCOUNTUSD") as "m5",
    sum("AGG_WI2_WOW167_SALESFACT"."NETSALESUSD") as "m6"
from
    "DB_2631257"."AGG_WI2_WOW167_SALESFACT" "AGG_WI2_WOW167_SALESFACT"
group by
    "AGG_WI2_WOW167_SALESFACT"."DIVISIONNO"]
2023-06-09 11:00:48,312 DEBUG [mondrian.sql] 4: , exec 90 ms
2023-06-09 11:00:48,318 DEBUG [mondrian.sql] 4: , exec+fetch 97 ms, 2 rows
2023-06-09 11:00:56,618 DEBUG [mondrian.sql] 5: SqlTupleReader.readTuples [[PRODDIM.PRODUCTHIERARCHY].[DIVISIONNO], [CUSTDIM.CUSTOMERHIERARCHY_AS_IS].[COUNTRYID_ASIS]]: executing sql [
select
    "AGG_WI2_WOW167_SALESFACT"."DIVISIONNO" as "c0",
    "WI2_WOW167_PRODDIM"."DIVISIONDESCRIPTION" as "c1",
    "WI2_STAR_CUSTOMER_VIEW_ASIS"."COUNTRYID" as "c2"
from
    "DB_2631257"."AGG_WI2_WOW167_SALESFACT" "AGG_WI2_WOW167_SALESFACT",
    "DB_2631257"."WI2_WOW167_PRODDIM" "WI2_WOW167_PRODDIM",
    (select CUSTOMER_NO, COUNTRYID, CITYNAME, SALESORGNO, SALESORGDESCRIPTION, CUSTOMERDESCRIPTION
            from DB_2631257.WI2_WOW167_CUSTDIM
            where CURRENT_DATE between VALIDFROM and VALIDTO) "WI2_STAR_CUSTOMER_VIEW_ASIS"
where
    "WI2_WOW167_PRODDIM"."DIVISIONNO" = "AGG_WI2_WOW167_SALESFACT"."DIVISIONNO"
and
    "AGG_WI2_WOW167_SALESFACT"."CUSTOMER_NO" = "WI2_STAR_CUSTOMER_VIEW_ASIS"."CUSTOMER_NO"
group by
    "AGG_WI2_WOW167_SALESFACT"."DIVISIONNO",
    "WI2_WOW167_PRODDIM"."DIVISIONDESCRIPTION",
    "WI2_STAR_CUSTOMER_VIEW_ASIS"."COUNTRYID"
order by
    "AGG_WI2_WOW167_SALESFACT"."DIVISIONNO" ASC NULLS LAST,
    "WI2_STAR_CUSTOMER_VIEW_ASIS"."COUNTRYID" ASC NULLS LAST]
2023-06-09 11:00:56,702 DEBUG [mondrian.sql] 5: , exec 84 ms
2023-06-09 11:00:56,704 DEBUG [mondrian.sql] 5: , exec+fetch 84 ms, 4 rows
2023-06-09 11:00:56,710 DEBUG [mondrian.sql] 6: SqlStatisticsProvider.getQueryCardinality: executing sql [
select count(*) from (select distinct
    "WI2_STAR_CUSTOMER_VIEW_ASIS"."COUNTRYID" as "c0"
from
    (select CUSTOMER_NO, COUNTRYID, CITYNAME, SALESORGNO, SALESORGDESCRIPTION, CUSTOMERDESCRIPTION
            from DB_2631257.WI2_WOW167_CUSTDIM
            where CURRENT_DATE between VALIDFROM and VALIDTO) "WI2_STAR_CUSTOMER_VIEW_ASIS")]
2023-06-09 11:00:56,736 DEBUG [mondrian.sql] 6: , exec 26 ms
2023-06-09 11:00:56,736 DEBUG [mondrian.sql] 6: , exec+fetch 26 ms, 1 rows
2023-06-09 11:00:56,739 DEBUG [mondrian.sql] 7: Segment.load: executing sql [
select
    "AGG_WI2_WOW167_SALESFACT"."DIVISIONNO" as "c0",
    "WI2_STAR_CUSTOMER_VIEW_ASIS"."COUNTRYID" as "c1",
    sum("AGG_WI2_WOW167_SALESFACT"."NOOFSALESORDERS") as "m0",
    sum("AGG_WI2_WOW167_SALESFACT"."SALESQUANTITY") as "m1",
    sum("AGG_WI2_WOW167_SALESFACT"."COSTOFGOODSSOLD") as "m2",
    sum("AGG_WI2_WOW167_SALESFACT"."REVENUEUSD") as "m3",
    sum("AGG_WI2_WOW167_SALESFACT"."REVENUEEUR") as "m4",
    sum("AGG_WI2_WOW167_SALESFACT"."DISCOUNTUSD") as "m5",
    sum("AGG_WI2_WOW167_SALESFACT"."NETSALESUSD") as "m6"
from
    "DB_2631257"."AGG_WI2_WOW167_SALESFACT" "AGG_WI2_WOW167_SALESFACT",
    (select CUSTOMER_NO, COUNTRYID, CITYNAME, SALESORGNO, SALESORGDESCRIPTION, CUSTOMERDESCRIPTION
            from DB_2631257.WI2_WOW167_CUSTDIM
            where CURRENT_DATE between VALIDFROM and VALIDTO) "WI2_STAR_CUSTOMER_VIEW_ASIS"
where
    "AGG_WI2_WOW167_SALESFACT"."CUSTOMER_NO" = "WI2_STAR_CUSTOMER_VIEW_ASIS"."CUSTOMER_NO"
group by
    "AGG_WI2_WOW167_SALESFACT"."DIVISIONNO",
    "WI2_STAR_CUSTOMER_VIEW_ASIS"."COUNTRYID"]
2023-06-09 11:00:56,802 DEBUG [mondrian.sql] 7: , exec 62 ms
2023-06-09 11:00:56,803 DEBUG [mondrian.sql] 7: , exec+fetch 64 ms, 4 rows
2023-06-09 11:01:01,450 DEBUG [mondrian.sql] 8: SqlTupleReader.readTuples [[PRODDIM.PRODUCTHIERARCHY].[DIVISIONNO], [CUSTDIM.CUSTOMERHIERARCHY_AS_IS].[COUNTRYID_ASIS], [TIMEDIM.TIMEHIERARCHY].[YEAR]]: executing sql [
select
    "AGG_WI2_WOW167_SALESFACT"."DIVISIONNO" as "c0",
    "WI2_WOW167_PRODDIM"."DIVISIONDESCRIPTION" as "c1",
    "WI2_STAR_CUSTOMER_VIEW_ASIS"."COUNTRYID" as "c2",
    "AGG_WI2_WOW167_SALESFACT"."YEAR" as "c3"
from
    "DB_2631257"."AGG_WI2_WOW167_SALESFACT" "AGG_WI2_WOW167_SALESFACT",
    "DB_2631257"."WI2_WOW167_PRODDIM" "WI2_WOW167_PRODDIM",
    (select CUSTOMER_NO, COUNTRYID, CITYNAME, SALESORGNO, SALESORGDESCRIPTION, CUSTOMERDESCRIPTION
            from DB_2631257.WI2_WOW167_CUSTDIM
            where CURRENT_DATE between VALIDFROM and VALIDTO) "WI2_STAR_CUSTOMER_VIEW_ASIS"
where
    "WI2_WOW167_PRODDIM"."DIVISIONNO" = "AGG_WI2_WOW167_SALESFACT"."DIVISIONNO"
and
    "AGG_WI2_WOW167_SALESFACT"."CUSTOMER_NO" = "WI2_STAR_CUSTOMER_VIEW_ASIS"."CUSTOMER_NO"
group by
    "AGG_WI2_WOW167_SALESFACT"."DIVISIONNO",
    "WI2_WOW167_PRODDIM"."DIVISIONDESCRIPTION",
    "WI2_STAR_CUSTOMER_VIEW_ASIS"."COUNTRYID",
    "AGG_WI2_WOW167_SALESFACT"."YEAR"
order by
    "AGG_WI2_WOW167_SALESFACT"."DIVISIONNO" ASC NULLS LAST,
    "WI2_STAR_CUSTOMER_VIEW_ASIS"."COUNTRYID" ASC NULLS LAST,
    "AGG_WI2_WOW167_SALESFACT"."YEAR" ASC NULLS LAST]
2023-06-09 11:01:01,526 DEBUG [mondrian.sql] 8: , exec 74 ms
2023-06-09 11:01:01,695 DEBUG [mondrian.sql] 8: , exec+fetch 245 ms, 40 rows
2023-06-09 11:01:01,704 DEBUG [mondrian.sql] 9: SqlStatisticsProvider.getQueryCardinality: executing sql [
select count(*) from (select distinct
    EXTRACT(YEAR FROM TIME_NO) as "c0"
from
    "DB_2631257"."WI2_WOW167_SALESFACT" "WI2_WOW167_SALESFACT")]
2023-06-09 11:01:01,825 DEBUG [mondrian.sql] 9: , exec 121 ms
2023-06-09 11:01:01,825 DEBUG [mondrian.sql] 9: , exec+fetch 121 ms, 1 rows
2023-06-09 11:01:01,838 DEBUG [mondrian.sql] 10: Segment.load: executing sql [
select
    "AGG_WI2_WOW167_SALESFACT"."DIVISIONNO" as "c0",
    "WI2_STAR_CUSTOMER_VIEW_ASIS"."COUNTRYID" as "c1",
    "AGG_WI2_WOW167_SALESFACT"."YEAR" as "c2",
    sum("AGG_WI2_WOW167_SALESFACT"."NOOFSALESORDERS") as "m0",
    sum("AGG_WI2_WOW167_SALESFACT"."SALESQUANTITY") as "m1",
    sum("AGG_WI2_WOW167_SALESFACT"."COSTOFGOODSSOLD") as "m2",
    sum("AGG_WI2_WOW167_SALESFACT"."REVENUEUSD") as "m3",
    sum("AGG_WI2_WOW167_SALESFACT"."REVENUEEUR") as "m4",
    sum("AGG_WI2_WOW167_SALESFACT"."DISCOUNTUSD") as "m5",
    sum("AGG_WI2_WOW167_SALESFACT"."NETSALESUSD") as "m6"
from
    "DB_2631257"."AGG_WI2_WOW167_SALESFACT" "AGG_WI2_WOW167_SALESFACT",
    (select CUSTOMER_NO, COUNTRYID, CITYNAME, SALESORGNO, SALESORGDESCRIPTION, CUSTOMERDESCRIPTION
            from DB_2631257.WI2_WOW167_CUSTDIM
            where CURRENT_DATE between VALIDFROM and VALIDTO) "WI2_STAR_CUSTOMER_VIEW_ASIS"
where
    "AGG_WI2_WOW167_SALESFACT"."CUSTOMER_NO" = "WI2_STAR_CUSTOMER_VIEW_ASIS"."CUSTOMER_NO"
group by
    "AGG_WI2_WOW167_SALESFACT"."DIVISIONNO",
    "WI2_STAR_CUSTOMER_VIEW_ASIS"."COUNTRYID",
    "AGG_WI2_WOW167_SALESFACT"."YEAR"]
2023-06-09 11:01:02,005 DEBUG [mondrian.sql] 10: , exec 167 ms
2023-06-09 11:01:02,309 DEBUG [mondrian.sql] 10: , exec+fetch 471 ms, 40 rows
2023-06-09 11:01:06,523 DEBUG [mondrian.sql] 11: SqlTupleReader.readTuples [[PRODDIM.PRODUCTHIERARCHY].[DIVISIONNO], [CUSTDIM.CUSTOMERHIERARCHY_AS_IS].[COUNTRYID_ASIS], [TIMEDIM.TIMEHIERARCHY].[YEAR]]: executing sql [
select
    "AGG_WI2_WOW167_SALESFACT"."DIVISIONNO" as "c0",
    "WI2_WOW167_PRODDIM"."DIVISIONDESCRIPTION" as "c1",
    "WI2_STAR_CUSTOMER_VIEW_ASIS"."COUNTRYID" as "c2",
    "AGG_WI2_WOW167_SALESFACT"."YEAR" as "c3"
from
    "DB_2631257"."AGG_WI2_WOW167_SALESFACT" "AGG_WI2_WOW167_SALESFACT",
    "DB_2631257"."WI2_WOW167_PRODDIM" "WI2_WOW167_PRODDIM",
    (select CUSTOMER_NO, COUNTRYID, CITYNAME, SALESORGNO, SALESORGDESCRIPTION, CUSTOMERDESCRIPTION
            from DB_2631257.WI2_WOW167_CUSTDIM
            where CURRENT_DATE between VALIDFROM and VALIDTO) "WI2_STAR_CUSTOMER_VIEW_ASIS"
where
    "WI2_WOW167_PRODDIM"."DIVISIONNO" = "AGG_WI2_WOW167_SALESFACT"."DIVISIONNO"
and
    "AGG_WI2_WOW167_SALESFACT"."CUSTOMER_NO" = "WI2_STAR_CUSTOMER_VIEW_ASIS"."CUSTOMER_NO"
group by
    "AGG_WI2_WOW167_SALESFACT"."DIVISIONNO",
    "WI2_WOW167_PRODDIM"."DIVISIONDESCRIPTION",
    "WI2_STAR_CUSTOMER_VIEW_ASIS"."COUNTRYID",
    "AGG_WI2_WOW167_SALESFACT"."YEAR"
order by
    "AGG_WI2_WOW167_SALESFACT"."DIVISIONNO" ASC NULLS LAST,
    "WI2_STAR_CUSTOMER_VIEW_ASIS"."COUNTRYID" ASC NULLS LAST,
    "AGG_WI2_WOW167_SALESFACT"."YEAR" ASC NULLS LAST]
2023-06-09 11:01:06,596 DEBUG [mondrian.sql] 11: , exec 73 ms
2023-06-09 11:01:06,824 DEBUG [mondrian.sql] 11: , exec+fetch 301 ms, 40 rows
2023-06-09 11:01:08,218 DEBUG [mondrian.sql] 12: SqlTupleReader.readTuples [[TIMEDIM.TIMEHIERARCHY].[YEAR], [PRODDIM.PRODUCTHIERARCHY].[DIVISIONNO], [CUSTDIM.CUSTOMERHIERARCHY_AS_IS].[COUNTRYID_ASIS]]: executing sql [
select
    "AGG_WI2_WOW167_SALESFACT"."YEAR" as "c0",
    "AGG_WI2_WOW167_SALESFACT"."DIVISIONNO" as "c1",
    "WI2_WOW167_PRODDIM"."DIVISIONDESCRIPTION" as "c2",
    "WI2_STAR_CUSTOMER_VIEW_ASIS"."COUNTRYID" as "c3"
from
    "DB_2631257"."AGG_WI2_WOW167_SALESFACT" "AGG_WI2_WOW167_SALESFACT",
    "DB_2631257"."WI2_WOW167_PRODDIM" "WI2_WOW167_PRODDIM",
    (select CUSTOMER_NO, COUNTRYID, CITYNAME, SALESORGNO, SALESORGDESCRIPTION, CUSTOMERDESCRIPTION
            from DB_2631257.WI2_WOW167_CUSTDIM
            where CURRENT_DATE between VALIDFROM and VALIDTO) "WI2_STAR_CUSTOMER_VIEW_ASIS"
where
    "WI2_WOW167_PRODDIM"."DIVISIONNO" = "AGG_WI2_WOW167_SALESFACT"."DIVISIONNO"
and
    "AGG_WI2_WOW167_SALESFACT"."CUSTOMER_NO" = "WI2_STAR_CUSTOMER_VIEW_ASIS"."CUSTOMER_NO"
group by
    "AGG_WI2_WOW167_SALESFACT"."YEAR",
    "AGG_WI2_WOW167_SALESFACT"."DIVISIONNO",
    "WI2_WOW167_PRODDIM"."DIVISIONDESCRIPTION",
    "WI2_STAR_CUSTOMER_VIEW_ASIS"."COUNTRYID"
order by
    "AGG_WI2_WOW167_SALESFACT"."YEAR" ASC NULLS LAST,
    "AGG_WI2_WOW167_SALESFACT"."DIVISIONNO" ASC NULLS LAST,
    "WI2_STAR_CUSTOMER_VIEW_ASIS"."COUNTRYID" ASC NULLS LAST]
2023-06-09 11:01:08,331 DEBUG [mondrian.sql] 12: , exec 112 ms
2023-06-09 11:01:08,560 DEBUG [mondrian.sql] 12: , exec+fetch 342 ms, 40 rows
2023-06-09 11:01:15,858 DEBUG [mondrian.sql] 13: SqlTupleReader.readTuples [[PRODDIM.PRODUCTHIERARCHY].[DIVISIONNO], [CUSTDIM.CUSTOMERHIERARCHY_AS_IS].[COUNTRYID_ASIS]]: executing sql [
select
    "AGG_WI2_WOW167_SALESFACT"."DIVISIONNO" as "c0",
    "WI2_WOW167_PRODDIM"."DIVISIONDESCRIPTION" as "c1",
    "WI2_STAR_CUSTOMER_VIEW_ASIS"."COUNTRYID" as "c2"
from
    "DB_2631257"."AGG_WI2_WOW167_SALESFACT" "AGG_WI2_WOW167_SALESFACT",
    "DB_2631257"."WI2_WOW167_PRODDIM" "WI2_WOW167_PRODDIM",
    (select CUSTOMER_NO, COUNTRYID, CITYNAME, SALESORGNO, SALESORGDESCRIPTION, CUSTOMERDESCRIPTION
            from DB_2631257.WI2_WOW167_CUSTDIM
            where CURRENT_DATE between VALIDFROM and VALIDTO) "WI2_STAR_CUSTOMER_VIEW_ASIS"
where
    "WI2_WOW167_PRODDIM"."DIVISIONNO" = "AGG_WI2_WOW167_SALESFACT"."DIVISIONNO"
and
    "AGG_WI2_WOW167_SALESFACT"."CUSTOMER_NO" = "WI2_STAR_CUSTOMER_VIEW_ASIS"."CUSTOMER_NO"
group by
    "AGG_WI2_WOW167_SALESFACT"."DIVISIONNO",
    "WI2_WOW167_PRODDIM"."DIVISIONDESCRIPTION",
    "WI2_STAR_CUSTOMER_VIEW_ASIS"."COUNTRYID"
order by
    "AGG_WI2_WOW167_SALESFACT"."DIVISIONNO" ASC NULLS LAST,
    "WI2_STAR_CUSTOMER_VIEW_ASIS"."COUNTRYID" ASC NULLS LAST]
2023-06-09 11:01:15,898 DEBUG [mondrian.sql] 13: , exec 39 ms
2023-06-09 11:01:15,898 DEBUG [mondrian.sql] 13: , exec+fetch 40 ms, 4 rows
2023-06-09 11:01:16,860 DEBUG [mondrian.sql] 14: SqlTupleReader.readTuples [[CUSTDIM.CUSTOMERHIERARCHY_AS_IS].[COUNTRYID_ASIS]]: executing sql [
select
    "WI2_STAR_CUSTOMER_VIEW_ASIS"."COUNTRYID" as "c0"
from
    (select CUSTOMER_NO, COUNTRYID, CITYNAME, SALESORGNO, SALESORGDESCRIPTION, CUSTOMERDESCRIPTION
            from DB_2631257.WI2_WOW167_CUSTDIM
            where CURRENT_DATE between VALIDFROM and VALIDTO) "WI2_STAR_CUSTOMER_VIEW_ASIS"
group by
    "WI2_STAR_CUSTOMER_VIEW_ASIS"."COUNTRYID"
order by
    "WI2_STAR_CUSTOMER_VIEW_ASIS"."COUNTRYID" ASC NULLS LAST]
2023-06-09 11:01:16,934 DEBUG [mondrian.sql] 14: , exec 74 ms
2023-06-09 11:01:16,935 DEBUG [mondrian.sql] 14: , exec+fetch 75 ms, 2 rows
2023-06-09 11:01:19,677 DEBUG [mondrian.sql] 15: SqlTupleReader.readTuples [[CUSTDIM.CUSTOMERHIERARCHY_AS_OF].[COUNTRYID_ASOF]]: executing sql [
select
    "WI2_STAR_CUSTOMER_VIEW_ASOF"."COUNTRYID" as "c0"
from
    (select CUSTOMER_NO, COUNTRYID, CITYNAME, SALESORGNO, SALESORGDESCRIPTION, CUSTOMERDESCRIPTION
            from DB_2631257.WI2_WOW167_CUSTDIM
            where to_date('2015-05-28','yyyy-MM-dd') between VALIDFROM and VALIDTO) "WI2_STAR_CUSTOMER_VIEW_ASOF"
group by
    "WI2_STAR_CUSTOMER_VIEW_ASOF"."COUNTRYID"
order by
    "WI2_STAR_CUSTOMER_VIEW_ASOF"."COUNTRYID" ASC NULLS LAST]
2023-06-09 11:01:19,752 DEBUG [mondrian.sql] 15: , exec 74 ms
2023-06-09 11:01:19,752 DEBUG [mondrian.sql] 15: , exec+fetch 75 ms, 2 rows
2023-06-09 11:01:19,754 DEBUG [mondrian.sql] 16: SqlStatisticsProvider.getQueryCardinality: executing sql [
select count(*) from (select distinct
    "WI2_STAR_CUSTOMER_VIEW_ASOF"."COUNTRYID" as "c0"
from
    (select CUSTOMER_NO, COUNTRYID, CITYNAME, SALESORGNO, SALESORGDESCRIPTION, CUSTOMERDESCRIPTION
            from DB_2631257.WI2_WOW167_CUSTDIM
            where to_date('2015-05-28','yyyy-MM-dd') between VALIDFROM and VALIDTO) "WI2_STAR_CUSTOMER_VIEW_ASOF")]
2023-06-09 11:01:19,807 DEBUG [mondrian.sql] 16: , exec 53 ms
2023-06-09 11:01:19,807 DEBUG [mondrian.sql] 16: , exec+fetch 53 ms, 1 rows
2023-06-09 11:01:19,810 DEBUG [mondrian.sql] 17: Segment.load: executing sql [
select
    "WI2_STAR_CUSTOMER_VIEW_ASOF"."COUNTRYID" as "c0",
    sum("WI2_WOW167_SALESFACT"."NOOFSALESORDERS") as "m0",
    sum("WI2_WOW167_SALESFACT"."SALESQUANTITY") as "m1",
    sum("WI2_WOW167_SALESFACT"."COSTOFGOODSSOLD") as "m2",
    sum("WI2_WOW167_SALESFACT"."REVENUEUSD") as "m3",
    sum("WI2_WOW167_SALESFACT"."REVENUEEUR") as "m4",
    sum("WI2_WOW167_SALESFACT"."DISCOUNTUSD") as "m5",
    sum("WI2_WOW167_SALESFACT"."NETSALESUSD") as "m6"
from
    (select CUSTOMER_NO, COUNTRYID, CITYNAME, SALESORGNO, SALESORGDESCRIPTION, CUSTOMERDESCRIPTION
            from DB_2631257.WI2_WOW167_CUSTDIM
            where to_date('2015-05-28','yyyy-MM-dd') between VALIDFROM and VALIDTO) "WI2_STAR_CUSTOMER_VIEW_ASOF",
    "DB_2631257"."WI2_WOW167_SALESFACT" "WI2_WOW167_SALESFACT"
where
    "WI2_WOW167_SALESFACT"."CUSTOMER_NO" = "WI2_STAR_CUSTOMER_VIEW_ASOF"."CUSTOMER_NO"
group by
    "WI2_STAR_CUSTOMER_VIEW_ASOF"."COUNTRYID"]
2023-06-09 11:01:19,893 DEBUG [mondrian.sql] 17: , exec 83 ms
2023-06-09 11:01:19,894 DEBUG [mondrian.sql] 17: , exec+fetch 84 ms, 2 rows
2023-06-09 11:01:21,475 DEBUG [mondrian.sql] 18: SqlTupleReader.readTuples [[CUSTDIM.CUSTOMERHIERARCHY_AS_OF].[SALESORGNO_ASOF]]: executing sql [
select
    "WI2_STAR_CUSTOMER_VIEW_ASOF"."COUNTRYID" as "c0",
    "WI2_STAR_CUSTOMER_VIEW_ASOF"."SALESORGNO" as "c1",
    "WI2_STAR_CUSTOMER_VIEW_ASOF"."SALESORGDESCRIPTION" as "c2"
from
    (select CUSTOMER_NO, COUNTRYID, CITYNAME, SALESORGNO, SALESORGDESCRIPTION, CUSTOMERDESCRIPTION
            from DB_2631257.WI2_WOW167_CUSTDIM
            where to_date('2015-05-28','yyyy-MM-dd') between VALIDFROM and VALIDTO) "WI2_STAR_CUSTOMER_VIEW_ASOF"
group by
    "WI2_STAR_CUSTOMER_VIEW_ASOF"."COUNTRYID",
    "WI2_STAR_CUSTOMER_VIEW_ASOF"."SALESORGNO",
    "WI2_STAR_CUSTOMER_VIEW_ASOF"."SALESORGDESCRIPTION"
order by
    "WI2_STAR_CUSTOMER_VIEW_ASOF"."COUNTRYID" ASC NULLS LAST,
    "WI2_STAR_CUSTOMER_VIEW_ASOF"."SALESORGNO" ASC NULLS LAST]
2023-06-09 11:01:21,509 DEBUG [mondrian.sql] 18: , exec 33 ms
2023-06-09 11:01:21,510 DEBUG [mondrian.sql] 18: , exec+fetch 35 ms, 3 rows
2023-06-09 11:01:21,513 DEBUG [mondrian.sql] 19: SqlStatisticsProvider.getQueryCardinality: executing sql [
select count(*) from (select distinct
    "WI2_STAR_CUSTOMER_VIEW_ASOF"."SALESORGNO" as "c0"
from
    (select CUSTOMER_NO, COUNTRYID, CITYNAME, SALESORGNO, SALESORGDESCRIPTION, CUSTOMERDESCRIPTION
            from DB_2631257.WI2_WOW167_CUSTDIM
            where to_date('2015-05-28','yyyy-MM-dd') between VALIDFROM and VALIDTO) "WI2_STAR_CUSTOMER_VIEW_ASOF")]
2023-06-09 11:01:21,547 DEBUG [mondrian.sql] 19: , exec 33 ms
2023-06-09 11:01:21,547 DEBUG [mondrian.sql] 19: , exec+fetch 34 ms, 1 rows
2023-06-09 11:01:21,548 DEBUG [mondrian.sql] 20: Segment.load: executing sql [
select
    "WI2_STAR_CUSTOMER_VIEW_ASOF"."COUNTRYID" as "c0",
    "WI2_STAR_CUSTOMER_VIEW_ASOF"."SALESORGNO" as "c1",
    sum("WI2_WOW167_SALESFACT"."NOOFSALESORDERS") as "m0",
    sum("WI2_WOW167_SALESFACT"."SALESQUANTITY") as "m1",
    sum("WI2_WOW167_SALESFACT"."COSTOFGOODSSOLD") as "m2",
    sum("WI2_WOW167_SALESFACT"."REVENUEUSD") as "m3",
    sum("WI2_WOW167_SALESFACT"."REVENUEEUR") as "m4",
    sum("WI2_WOW167_SALESFACT"."DISCOUNTUSD") as "m5",
    sum("WI2_WOW167_SALESFACT"."NETSALESUSD") as "m6"
from
    (select CUSTOMER_NO, COUNTRYID, CITYNAME, SALESORGNO, SALESORGDESCRIPTION, CUSTOMERDESCRIPTION
            from DB_2631257.WI2_WOW167_CUSTDIM
            where to_date('2015-05-28','yyyy-MM-dd') between VALIDFROM and VALIDTO) "WI2_STAR_CUSTOMER_VIEW_ASOF",
    "DB_2631257"."WI2_WOW167_SALESFACT" "WI2_WOW167_SALESFACT"
where
    "WI2_WOW167_SALESFACT"."CUSTOMER_NO" = "WI2_STAR_CUSTOMER_VIEW_ASOF"."CUSTOMER_NO"
group by
    "WI2_STAR_CUSTOMER_VIEW_ASOF"."COUNTRYID",
    "WI2_STAR_CUSTOMER_VIEW_ASOF"."SALESORGNO"]
2023-06-09 11:01:21,674 DEBUG [mondrian.sql] 20: , exec 125 ms
2023-06-09 11:01:21,675 DEBUG [mondrian.sql] 20: , exec+fetch 126 ms, 3 rows
2023-06-09 11:01:23,928 DEBUG [mondrian.sql] 21: SqlTupleReader.readTuples [[CUSTDIM.CUSTOMERHIERARCHY_AS_OF].[CITYNAME_ASOF]]: executing sql [
select
    "WI2_STAR_CUSTOMER_VIEW_ASOF"."COUNTRYID" as "c0",
    "WI2_STAR_CUSTOMER_VIEW_ASOF"."SALESORGNO" as "c1",
    "WI2_STAR_CUSTOMER_VIEW_ASOF"."SALESORGDESCRIPTION" as "c2",
    "WI2_STAR_CUSTOMER_VIEW_ASOF"."CITYNAME" as "c3"
from
    (select CUSTOMER_NO, COUNTRYID, CITYNAME, SALESORGNO, SALESORGDESCRIPTION, CUSTOMERDESCRIPTION
            from DB_2631257.WI2_WOW167_CUSTDIM
            where to_date('2015-05-28','yyyy-MM-dd') between VALIDFROM and VALIDTO) "WI2_STAR_CUSTOMER_VIEW_ASOF"
group by
    "WI2_STAR_CUSTOMER_VIEW_ASOF"."COUNTRYID",
    "WI2_STAR_CUSTOMER_VIEW_ASOF"."SALESORGNO",
    "WI2_STAR_CUSTOMER_VIEW_ASOF"."SALESORGDESCRIPTION",
    "WI2_STAR_CUSTOMER_VIEW_ASOF"."CITYNAME"
order by
    "WI2_STAR_CUSTOMER_VIEW_ASOF"."COUNTRYID" ASC NULLS LAST,
    "WI2_STAR_CUSTOMER_VIEW_ASOF"."SALESORGNO" ASC NULLS LAST,
    "WI2_STAR_CUSTOMER_VIEW_ASOF"."CITYNAME" ASC NULLS LAST]
2023-06-09 11:01:24,020 DEBUG [mondrian.sql] 21: , exec 91 ms
2023-06-09 11:01:24,358 DEBUG [mondrian.sql] 21: , exec+fetch 430 ms, 23 rows
2023-06-09 11:01:24,362 DEBUG [mondrian.sql] 22: SqlStatisticsProvider.getQueryCardinality: executing sql [
select count(*) from (select distinct
    "WI2_STAR_CUSTOMER_VIEW_ASOF"."CITYNAME" as "c0"
from
    (select CUSTOMER_NO, COUNTRYID, CITYNAME, SALESORGNO, SALESORGDESCRIPTION, CUSTOMERDESCRIPTION
            from DB_2631257.WI2_WOW167_CUSTDIM
            where to_date('2015-05-28','yyyy-MM-dd') between VALIDFROM and VALIDTO) "WI2_STAR_CUSTOMER_VIEW_ASOF")]
2023-06-09 11:01:24,412 DEBUG [mondrian.sql] 22: , exec 49 ms
2023-06-09 11:01:24,412 DEBUG [mondrian.sql] 22: , exec+fetch 50 ms, 1 rows
2023-06-09 11:01:24,416 DEBUG [mondrian.sql] 23: Segment.load: executing sql [
select
    "WI2_STAR_CUSTOMER_VIEW_ASOF"."COUNTRYID" as "c0",
    "WI2_STAR_CUSTOMER_VIEW_ASOF"."SALESORGNO" as "c1",
    "WI2_STAR_CUSTOMER_VIEW_ASOF"."CITYNAME" as "c2",
    sum("WI2_WOW167_SALESFACT"."NOOFSALESORDERS") as "m0",
    sum("WI2_WOW167_SALESFACT"."SALESQUANTITY") as "m1",
    sum("WI2_WOW167_SALESFACT"."COSTOFGOODSSOLD") as "m2",
    sum("WI2_WOW167_SALESFACT"."REVENUEUSD") as "m3",
    sum("WI2_WOW167_SALESFACT"."REVENUEEUR") as "m4",
    sum("WI2_WOW167_SALESFACT"."DISCOUNTUSD") as "m5",
    sum("WI2_WOW167_SALESFACT"."NETSALESUSD") as "m6"
from
    (select CUSTOMER_NO, COUNTRYID, CITYNAME, SALESORGNO, SALESORGDESCRIPTION, CUSTOMERDESCRIPTION
            from DB_2631257.WI2_WOW167_CUSTDIM
            where to_date('2015-05-28','yyyy-MM-dd') between VALIDFROM and VALIDTO) "WI2_STAR_CUSTOMER_VIEW_ASOF",
    "DB_2631257"."WI2_WOW167_SALESFACT" "WI2_WOW167_SALESFACT"
where
    "WI2_WOW167_SALESFACT"."CUSTOMER_NO" = "WI2_STAR_CUSTOMER_VIEW_ASOF"."CUSTOMER_NO"
group by
    "WI2_STAR_CUSTOMER_VIEW_ASOF"."COUNTRYID",
    "WI2_STAR_CUSTOMER_VIEW_ASOF"."SALESORGNO",
    "WI2_STAR_CUSTOMER_VIEW_ASOF"."CITYNAME"]
2023-06-09 11:01:24,497 DEBUG [mondrian.sql] 23: , exec 80 ms
2023-06-09 11:01:24,580 DEBUG [mondrian.sql] 23: , exec+fetch 164 ms, 23 rows
2023-06-09 11:01:26,237 DEBUG [mondrian.sql] 24: SqlTupleReader.readTuples [[CUSTDIM.CUSTOMERHIERARCHY_AS_OF].[CUSTOMER_NO_ASOF]]: executing sql [
select
    "WI2_STAR_CUSTOMER_VIEW_ASOF"."COUNTRYID" as "c0",
    "WI2_STAR_CUSTOMER_VIEW_ASOF"."SALESORGNO" as "c1",
    "WI2_STAR_CUSTOMER_VIEW_ASOF"."SALESORGDESCRIPTION" as "c2",
    "WI2_STAR_CUSTOMER_VIEW_ASOF"."CITYNAME" as "c3",
    "WI2_STAR_CUSTOMER_VIEW_ASOF"."CUSTOMER_NO" as "c4",
    "WI2_STAR_CUSTOMER_VIEW_ASOF"."CUSTOMERDESCRIPTION" as "c5"
from
    (select CUSTOMER_NO, COUNTRYID, CITYNAME, SALESORGNO, SALESORGDESCRIPTION, CUSTOMERDESCRIPTION
            from DB_2631257.WI2_WOW167_CUSTDIM
            where to_date('2015-05-28','yyyy-MM-dd') between VALIDFROM and VALIDTO) "WI2_STAR_CUSTOMER_VIEW_ASOF"
group by
    "WI2_STAR_CUSTOMER_VIEW_ASOF"."COUNTRYID",
    "WI2_STAR_CUSTOMER_VIEW_ASOF"."SALESORGNO",
    "WI2_STAR_CUSTOMER_VIEW_ASOF"."SALESORGDESCRIPTION",
    "WI2_STAR_CUSTOMER_VIEW_ASOF"."CITYNAME",
    "WI2_STAR_CUSTOMER_VIEW_ASOF"."CUSTOMER_NO",
    "WI2_STAR_CUSTOMER_VIEW_ASOF"."CUSTOMERDESCRIPTION"
order by
    "WI2_STAR_CUSTOMER_VIEW_ASOF"."COUNTRYID" ASC NULLS LAST,
    "WI2_STAR_CUSTOMER_VIEW_ASOF"."SALESORGNO" ASC NULLS LAST,
    "WI2_STAR_CUSTOMER_VIEW_ASOF"."CITYNAME" ASC NULLS LAST,
    "WI2_STAR_CUSTOMER_VIEW_ASOF"."CUSTOMER_NO" ASC NULLS LAST]
2023-06-09 11:01:26,316 DEBUG [mondrian.sql] 24: , exec 78 ms
2023-06-09 11:01:26,407 DEBUG [mondrian.sql] 24: , exec+fetch 170 ms, 24 rows
2023-06-09 11:01:26,414 DEBUG [mondrian.sql] 25: SqlStatisticsProvider.getQueryCardinality: executing sql [
select count(*) from (select distinct
    "WI2_STAR_CUSTOMER_VIEW_ASOF"."CUSTOMER_NO" as "c0"
from
    (select CUSTOMER_NO, COUNTRYID, CITYNAME, SALESORGNO, SALESORGDESCRIPTION, CUSTOMERDESCRIPTION
            from DB_2631257.WI2_WOW167_CUSTDIM
            where to_date('2015-05-28','yyyy-MM-dd') between VALIDFROM and VALIDTO) "WI2_STAR_CUSTOMER_VIEW_ASOF")]
2023-06-09 11:01:26,451 DEBUG [mondrian.sql] 25: , exec 37 ms
2023-06-09 11:01:26,451 DEBUG [mondrian.sql] 25: , exec+fetch 37 ms, 1 rows
2023-06-09 11:01:26,453 DEBUG [mondrian.sql] 26: Segment.load: executing sql [
select
    "WI2_STAR_CUSTOMER_VIEW_ASOF"."CUSTOMER_NO" as "c0",
    sum("WI2_WOW167_SALESFACT"."NOOFSALESORDERS") as "m0",
    sum("WI2_WOW167_SALESFACT"."SALESQUANTITY") as "m1",
    sum("WI2_WOW167_SALESFACT"."COSTOFGOODSSOLD") as "m2",
    sum("WI2_WOW167_SALESFACT"."REVENUEUSD") as "m3",
    sum("WI2_WOW167_SALESFACT"."REVENUEEUR") as "m4",
    sum("WI2_WOW167_SALESFACT"."DISCOUNTUSD") as "m5",
    sum("WI2_WOW167_SALESFACT"."NETSALESUSD") as "m6"
from
    (select CUSTOMER_NO, COUNTRYID, CITYNAME, SALESORGNO, SALESORGDESCRIPTION, CUSTOMERDESCRIPTION
            from DB_2631257.WI2_WOW167_CUSTDIM
            where to_date('2015-05-28','yyyy-MM-dd') between VALIDFROM and VALIDTO) "WI2_STAR_CUSTOMER_VIEW_ASOF",
    "DB_2631257"."WI2_WOW167_SALESFACT" "WI2_WOW167_SALESFACT"
where
    "WI2_WOW167_SALESFACT"."CUSTOMER_NO" = "WI2_STAR_CUSTOMER_VIEW_ASOF"."CUSTOMER_NO"
group by
    "WI2_STAR_CUSTOMER_VIEW_ASOF"."CUSTOMER_NO"]
2023-06-09 11:01:26,538 DEBUG [mondrian.sql] 26: , exec 84 ms
2023-06-09 11:01:26,620 DEBUG [mondrian.sql] 26: , exec+fetch 167 ms, 24 rows
2023-06-09 11:03:30,705 DEBUG [mondrian.sql] 27: SqlTupleReader.readTuples [[TIMEDIM.TIMEHIERARCHY].[YEAR]]: executing sql [
select
    EXTRACT(YEAR FROM TIME_NO) as "c0"
from
    "DB_2631257"."WI2_WOW167_SALESFACT" "WI2_WOW167_SALESFACT"
group by
    EXTRACT(YEAR FROM TIME_NO)
order by
    EXTRACT(YEAR FROM TIME_NO) ASC NULLS LAST]
2023-06-09 11:03:31,113 DEBUG [mondrian.sql] 27: , exec 407 ms
2023-06-09 11:03:31,138 DEBUG [mondrian.sql] 27: , exec+fetch 433 ms, 10 rows
2023-06-09 11:03:34,629 DEBUG [mondrian.sql] 28: SqlTupleReader.readTuples [[TIMEDIM.TIMEHIERARCHY].[MONTH]]: executing sql [
select
    EXTRACT(YEAR FROM TIME_NO) as "c0",
    EXTRACT(MONTH FROM TIME_NO) as "c1"
from
    "DB_2631257"."WI2_WOW167_SALESFACT" "WI2_WOW167_SALESFACT"
group by
    EXTRACT(YEAR FROM TIME_NO),
    EXTRACT(MONTH FROM TIME_NO)
order by
    EXTRACT(YEAR FROM TIME_NO) ASC NULLS LAST,
    EXTRACT(MONTH FROM TIME_NO) ASC NULLS LAST]
2023-06-09 11:03:34,710 DEBUG [mondrian.sql] 28: , exec 80 ms
2023-06-09 11:03:35,092 DEBUG [mondrian.sql] 28: , exec+fetch 463 ms, 120 rows
2023-06-09 11:03:35,098 DEBUG [mondrian.sql] 29: SqlStatisticsProvider.getQueryCardinality: executing sql [
select count(*) from (select distinct
    EXTRACT(MONTH FROM TIME_NO) as "c0"
from
    "DB_2631257"."WI2_WOW167_SALESFACT" "WI2_WOW167_SALESFACT")]
2023-06-09 11:03:35,153 DEBUG [mondrian.sql] 29: , exec 54 ms
2023-06-09 11:03:35,153 DEBUG [mondrian.sql] 29: , exec+fetch 55 ms, 1 rows
2023-06-09 11:03:35,158 DEBUG [mondrian.sql] 30: Segment.load: executing sql [
select
    "AGG_WI2_WOW167_SALESFACT"."YEAR" as "c0",
    "AGG_WI2_WOW167_SALESFACT"."MONTH" as "c1",
    sum("AGG_WI2_WOW167_SALESFACT"."NOOFSALESORDERS") as "m0",
    sum("AGG_WI2_WOW167_SALESFACT"."SALESQUANTITY") as "m1",
    sum("AGG_WI2_WOW167_SALESFACT"."COSTOFGOODSSOLD") as "m2",
    sum("AGG_WI2_WOW167_SALESFACT"."REVENUEUSD") as "m3",
    sum("AGG_WI2_WOW167_SALESFACT"."REVENUEEUR") as "m4",
    sum("AGG_WI2_WOW167_SALESFACT"."DISCOUNTUSD") as "m5",
    sum("AGG_WI2_WOW167_SALESFACT"."NETSALESUSD") as "m6"
from
    "DB_2631257"."AGG_WI2_WOW167_SALESFACT" "AGG_WI2_WOW167_SALESFACT"
group by
    "AGG_WI2_WOW167_SALESFACT"."YEAR",
    "AGG_WI2_WOW167_SALESFACT"."MONTH"]
2023-06-09 11:03:35,201 DEBUG [mondrian.sql] 30: , exec 43 ms
2023-06-09 11:03:35,569 DEBUG [mondrian.sql] 30: , exec+fetch 411 ms, 120 rows
2023-06-09 11:03:41,850 DEBUG [mondrian.sql] 31: SqlTupleReader.readTuples [[PRODDIM.PRODUCTHIERARCHY].[PRODUCTCATEGORYNO]]: executing sql [
select
    "WI2_WOW167_PRODDIM"."DIVISIONNO" as "c0",
    "WI2_WOW167_PRODDIM"."DIVISIONDESCRIPTION" as "c1",
    "WI2_WOW167_PRODDIM"."PRODUCTCATEGORYNO" as "c2",
    "WI2_WOW167_PRODDIM"."PRODUCTCATEGORYDESCRIPTION" as "c3"
from
    "DB_2631257"."WI2_WOW167_PRODDIM" "WI2_WOW167_PRODDIM"
group by
    "WI2_WOW167_PRODDIM"."DIVISIONNO",
    "WI2_WOW167_PRODDIM"."DIVISIONDESCRIPTION",
    "WI2_WOW167_PRODDIM"."PRODUCTCATEGORYNO",
    "WI2_WOW167_PRODDIM"."PRODUCTCATEGORYDESCRIPTION"
order by
    "WI2_WOW167_PRODDIM"."DIVISIONNO" ASC NULLS LAST,
    "WI2_WOW167_PRODDIM"."PRODUCTCATEGORYNO" ASC NULLS LAST]
2023-06-09 11:03:41,890 DEBUG [mondrian.sql] 31: , exec 39 ms
2023-06-09 11:03:41,890 DEBUG [mondrian.sql] 31: , exec+fetch 40 ms, 6 rows
2023-06-09 11:03:41,892 DEBUG [mondrian.sql] 32: SqlStatisticsProvider.getColumnCardinality: executing sql [select count(distinct "PRODUCTCATEGORYNO") from "DB_2631257"."WI2_WOW167_PRODDIM"]
2023-06-09 11:03:41,920 DEBUG [mondrian.sql] 32: , exec 27 ms
2023-06-09 11:03:41,920 DEBUG [mondrian.sql] 32: , exec+fetch 28 ms, 1 rows
2023-06-09 11:03:41,922 DEBUG [mondrian.sql] 33: Segment.load: executing sql [
select
    "AGG_WI2_WOW167_SALESFACT"."PRODUCTCATEGORYNO" as "c0",
    sum("AGG_WI2_WOW167_SALESFACT"."NOOFSALESORDERS") as "m0",
    sum("AGG_WI2_WOW167_SALESFACT"."SALESQUANTITY") as "m1",
    sum("AGG_WI2_WOW167_SALESFACT"."COSTOFGOODSSOLD") as "m2",
    sum("AGG_WI2_WOW167_SALESFACT"."REVENUEUSD") as "m3",
    sum("AGG_WI2_WOW167_SALESFACT"."REVENUEEUR") as "m4",
    sum("AGG_WI2_WOW167_SALESFACT"."DISCOUNTUSD") as "m5",
    sum("AGG_WI2_WOW167_SALESFACT"."NETSALESUSD") as "m6"
from
    "DB_2631257"."AGG_WI2_WOW167_SALESFACT" "AGG_WI2_WOW167_SALESFACT"
group by
    "AGG_WI2_WOW167_SALESFACT"."PRODUCTCATEGORYNO"]
2023-06-09 11:03:41,968 DEBUG [mondrian.sql] 33: , exec 47 ms
2023-06-09 11:03:41,970 DEBUG [mondrian.sql] 33: , exec+fetch 48 ms, 6 rows
2023-06-09 11:03:43,893 DEBUG [mondrian.sql] 34: SqlTupleReader.readTuples [[PRODDIM.PRODUCTHIERARCHY].[PRODUCT_NO]]: executing sql [
select
    "WI2_WOW167_PRODDIM"."DIVISIONNO" as "c0",
    "WI2_WOW167_PRODDIM"."DIVISIONDESCRIPTION" as "c1",
    "WI2_WOW167_PRODDIM"."PRODUCTCATEGORYNO" as "c2",
    "WI2_WOW167_PRODDIM"."PRODUCTCATEGORYDESCRIPTION" as "c3",
    "WI2_WOW167_PRODDIM"."PRODUCT_NO" as "c4",
    "WI2_WOW167_PRODDIM"."PRODUCTDESCRIPTION" as "c5"
from
    "DB_2631257"."WI2_WOW167_PRODDIM" "WI2_WOW167_PRODDIM"
group by
    "WI2_WOW167_PRODDIM"."DIVISIONNO",
    "WI2_WOW167_PRODDIM"."DIVISIONDESCRIPTION",
    "WI2_WOW167_PRODDIM"."PRODUCTCATEGORYNO",
    "WI2_WOW167_PRODDIM"."PRODUCTCATEGORYDESCRIPTION",
    "WI2_WOW167_PRODDIM"."PRODUCT_NO",
    "WI2_WOW167_PRODDIM"."PRODUCTDESCRIPTION"
order by
    "WI2_WOW167_PRODDIM"."DIVISIONNO" ASC NULLS LAST,
    "WI2_WOW167_PRODDIM"."PRODUCTCATEGORYNO" ASC NULLS LAST,
    "WI2_WOW167_PRODDIM"."PRODUCT_NO" ASC NULLS LAST]
2023-06-09 11:03:44,174 DEBUG [mondrian.sql] 34: , exec 280 ms
2023-06-09 11:03:44,287 DEBUG [mondrian.sql] 34: , exec+fetch 394 ms, 28 rows
2023-06-09 11:03:44,290 DEBUG [mondrian.sql] 35: SqlStatisticsProvider.getColumnCardinality: executing sql [select count(distinct "PRODUCT_NO") from "DB_2631257"."WI2_WOW167_PRODDIM"]
2023-06-09 11:03:44,315 DEBUG [mondrian.sql] 35: , exec 25 ms
2023-06-09 11:03:44,315 DEBUG [mondrian.sql] 35: , exec+fetch 25 ms, 1 rows
2023-06-09 11:03:44,317 DEBUG [mondrian.sql] 36: Segment.load: executing sql [
select
    "WI2_WOW167_PRODDIM"."PRODUCTCATEGORYNO" as "c0",
    "WI2_WOW167_PRODDIM"."PRODUCT_NO" as "c1",
    sum("WI2_WOW167_SALESFACT"."NOOFSALESORDERS") as "m0",
    sum("WI2_WOW167_SALESFACT"."SALESQUANTITY") as "m1",
    sum("WI2_WOW167_SALESFACT"."COSTOFGOODSSOLD") as "m2",
    sum("WI2_WOW167_SALESFACT"."REVENUEUSD") as "m3",
    sum("WI2_WOW167_SALESFACT"."REVENUEEUR") as "m4",
    sum("WI2_WOW167_SALESFACT"."DISCOUNTUSD") as "m5",
    sum("WI2_WOW167_SALESFACT"."NETSALESUSD") as "m6"
from
    "DB_2631257"."WI2_WOW167_PRODDIM" "WI2_WOW167_PRODDIM",
    "DB_2631257"."WI2_WOW167_SALESFACT" "WI2_WOW167_SALESFACT"
where
    "WI2_WOW167_SALESFACT"."PRODUCT_NO" = "WI2_WOW167_PRODDIM"."PRODUCT_NO"
group by
    "WI2_WOW167_PRODDIM"."PRODUCTCATEGORYNO",
    "WI2_WOW167_PRODDIM"."PRODUCT_NO"]
2023-06-09 11:03:44,419 DEBUG [mondrian.sql] 36: , exec 101 ms
2023-06-09 11:03:44,502 DEBUG [mondrian.sql] 36: , exec+fetch 185 ms, 28 rows
2023-06-09 11:07:11,750 DEBUG [mondrian.sql] 37: SqlTupleReader.readTuples [[CUSTDIM.CUSTOMERHIERARCHY_AS_IS].[COUNTRYID_ASIS], [TIMEDIM.TIMEHIERARCHY].[YEAR]]: executing sql [
select
    "WI2_STAR_CUSTOMER_VIEW_ASIS"."COUNTRYID" as "c0",
    "AGG_WI2_WOW167_SALESFACT"."YEAR" as "c1"
from
    (select CUSTOMER_NO, COUNTRYID, CITYNAME, SALESORGNO, SALESORGDESCRIPTION, CUSTOMERDESCRIPTION
            from DB_2631257.WI2_WOW167_CUSTDIM
            where CURRENT_DATE between VALIDFROM and VALIDTO) "WI2_STAR_CUSTOMER_VIEW_ASIS",
    "DB_2631257"."AGG_WI2_WOW167_SALESFACT" "AGG_WI2_WOW167_SALESFACT"
where
    "AGG_WI2_WOW167_SALESFACT"."CUSTOMER_NO" = "WI2_STAR_CUSTOMER_VIEW_ASIS"."CUSTOMER_NO"
group by
    "WI2_STAR_CUSTOMER_VIEW_ASIS"."COUNTRYID",
    "AGG_WI2_WOW167_SALESFACT"."YEAR"
order by
    "WI2_STAR_CUSTOMER_VIEW_ASIS"."COUNTRYID" ASC NULLS LAST,
    "AGG_WI2_WOW167_SALESFACT"."YEAR" ASC NULLS LAST]
2023-06-09 11:07:11,797 DEBUG [mondrian.sql] 37: , exec 46 ms
2023-06-09 11:07:11,851 DEBUG [mondrian.sql] 37: , exec+fetch 101 ms, 20 rows
2023-06-09 11:07:13,355 DEBUG [mondrian.sql] 38: SqlTupleReader.readTuples [[CUSTDIM.CUSTOMERHIERARCHY_AS_IS].[COUNTRYID_ASIS], [TIMEDIM.TIMEHIERARCHY].[YEAR], [PRODDIM.PRODUCTHIERARCHY].[DIVISIONNO]]: executing sql [
select
    "WI2_STAR_CUSTOMER_VIEW_ASIS"."COUNTRYID" as "c0",
    "AGG_WI2_WOW167_SALESFACT"."YEAR" as "c1",
    "AGG_WI2_WOW167_SALESFACT"."DIVISIONNO" as "c2",
    "WI2_WOW167_PRODDIM"."DIVISIONDESCRIPTION" as "c3"
from
    (select CUSTOMER_NO, COUNTRYID, CITYNAME, SALESORGNO, SALESORGDESCRIPTION, CUSTOMERDESCRIPTION
            from DB_2631257.WI2_WOW167_CUSTDIM
            where CURRENT_DATE between VALIDFROM and VALIDTO) "WI2_STAR_CUSTOMER_VIEW_ASIS",
    "DB_2631257"."AGG_WI2_WOW167_SALESFACT" "AGG_WI2_WOW167_SALESFACT",
    "DB_2631257"."WI2_WOW167_PRODDIM" "WI2_WOW167_PRODDIM"
where
    "AGG_WI2_WOW167_SALESFACT"."CUSTOMER_NO" = "WI2_STAR_CUSTOMER_VIEW_ASIS"."CUSTOMER_NO"
and
    "WI2_WOW167_PRODDIM"."DIVISIONNO" = "AGG_WI2_WOW167_SALESFACT"."DIVISIONNO"
group by
    "WI2_STAR_CUSTOMER_VIEW_ASIS"."COUNTRYID",
    "AGG_WI2_WOW167_SALESFACT"."YEAR",
    "AGG_WI2_WOW167_SALESFACT"."DIVISIONNO",
    "WI2_WOW167_PRODDIM"."DIVISIONDESCRIPTION"
order by
    "WI2_STAR_CUSTOMER_VIEW_ASIS"."COUNTRYID" ASC NULLS LAST,
    "AGG_WI2_WOW167_SALESFACT"."YEAR" ASC NULLS LAST,
    "AGG_WI2_WOW167_SALESFACT"."DIVISIONNO" ASC NULLS LAST]
2023-06-09 11:07:13,439 DEBUG [mondrian.sql] 38: , exec 83 ms
2023-06-09 11:07:13,544 DEBUG [mondrian.sql] 38: , exec+fetch 189 ms, 40 rows
2023-06-09 11:07:16,481 DEBUG [mondrian.sql] 39: SqlTupleReader.readTuples [[TIMEDIM.TIMEHIERARCHY].[YEAR], [CUSTDIM.CUSTOMERHIERARCHY_AS_IS].[COUNTRYID_ASIS], [PRODDIM.PRODUCTHIERARCHY].[DIVISIONNO]]: executing sql [
select
    "AGG_WI2_WOW167_SALESFACT"."YEAR" as "c0",
    "WI2_STAR_CUSTOMER_VIEW_ASIS"."COUNTRYID" as "c1",
    "AGG_WI2_WOW167_SALESFACT"."DIVISIONNO" as "c2",
    "WI2_WOW167_PRODDIM"."DIVISIONDESCRIPTION" as "c3"
from
    "DB_2631257"."AGG_WI2_WOW167_SALESFACT" "AGG_WI2_WOW167_SALESFACT",
    (select CUSTOMER_NO, COUNTRYID, CITYNAME, SALESORGNO, SALESORGDESCRIPTION, CUSTOMERDESCRIPTION
            from DB_2631257.WI2_WOW167_CUSTDIM
            where CURRENT_DATE between VALIDFROM and VALIDTO) "WI2_STAR_CUSTOMER_VIEW_ASIS",
    "DB_2631257"."WI2_WOW167_PRODDIM" "WI2_WOW167_PRODDIM"
where
    "AGG_WI2_WOW167_SALESFACT"."CUSTOMER_NO" = "WI2_STAR_CUSTOMER_VIEW_ASIS"."CUSTOMER_NO"
and
    "WI2_WOW167_PRODDIM"."DIVISIONNO" = "AGG_WI2_WOW167_SALESFACT"."DIVISIONNO"
group by
    "AGG_WI2_WOW167_SALESFACT"."YEAR",
    "WI2_STAR_CUSTOMER_VIEW_ASIS"."COUNTRYID",
    "AGG_WI2_WOW167_SALESFACT"."DIVISIONNO",
    "WI2_WOW167_PRODDIM"."DIVISIONDESCRIPTION"
order by
    "AGG_WI2_WOW167_SALESFACT"."YEAR" ASC NULLS LAST,
    "WI2_STAR_CUSTOMER_VIEW_ASIS"."COUNTRYID" ASC NULLS LAST,
    "AGG_WI2_WOW167_SALESFACT"."DIVISIONNO" ASC NULLS LAST]
2023-06-09 11:07:16,540 DEBUG [mondrian.sql] 39: , exec 58 ms
2023-06-09 11:07:16,666 DEBUG [mondrian.sql] 39: , exec+fetch 185 ms, 40 rows
2023-06-09 11:07:18,398 DEBUG [mondrian.sql] 40: SqlTupleReader.readTuples [[TIMEDIM.TIMEHIERARCHY].[YEAR], [PRODDIM.PRODUCTHIERARCHY].[DIVISIONNO], [CUSTDIM.CUSTOMERHIERARCHY_AS_IS].[COUNTRYID_ASIS]]: executing sql [
select
    "AGG_WI2_WOW167_SALESFACT"."YEAR" as "c0",
    "AGG_WI2_WOW167_SALESFACT"."DIVISIONNO" as "c1",
    "WI2_WOW167_PRODDIM"."DIVISIONDESCRIPTION" as "c2",
    "WI2_STAR_CUSTOMER_VIEW_ASIS"."COUNTRYID" as "c3"
from
    "DB_2631257"."AGG_WI2_WOW167_SALESFACT" "AGG_WI2_WOW167_SALESFACT",
    "DB_2631257"."WI2_WOW167_PRODDIM" "WI2_WOW167_PRODDIM",
    (select CUSTOMER_NO, COUNTRYID, CITYNAME, SALESORGNO, SALESORGDESCRIPTION, CUSTOMERDESCRIPTION
            from DB_2631257.WI2_WOW167_CUSTDIM
            where CURRENT_DATE between VALIDFROM and VALIDTO) "WI2_STAR_CUSTOMER_VIEW_ASIS"
where
    "WI2_WOW167_PRODDIM"."DIVISIONNO" = "AGG_WI2_WOW167_SALESFACT"."DIVISIONNO"
and
    "AGG_WI2_WOW167_SALESFACT"."CUSTOMER_NO" = "WI2_STAR_CUSTOMER_VIEW_ASIS"."CUSTOMER_NO"
group by
    "AGG_WI2_WOW167_SALESFACT"."YEAR",
    "AGG_WI2_WOW167_SALESFACT"."DIVISIONNO",
    "WI2_WOW167_PRODDIM"."DIVISIONDESCRIPTION",
    "WI2_STAR_CUSTOMER_VIEW_ASIS"."COUNTRYID"
order by
    "AGG_WI2_WOW167_SALESFACT"."YEAR" ASC NULLS LAST,
    "AGG_WI2_WOW167_SALESFACT"."DIVISIONNO" ASC NULLS LAST,
    "WI2_STAR_CUSTOMER_VIEW_ASIS"."COUNTRYID" ASC NULLS LAST]
2023-06-09 11:07:18,457 DEBUG [mondrian.sql] 40: , exec 59 ms
2023-06-09 11:07:18,598 DEBUG [mondrian.sql] 40: , exec+fetch 200 ms, 40 rows
2023-06-09 11:07:35,477 DEBUG [mondrian.sql] 41: SqlTupleReader.readTuples [[PRODDIM.PRODUCTHIERARCHY].[DIVISIONNO], [CUSTDIM.CUSTOMERHIERARCHY_AS_IS].[COUNTRYID_ASIS]]: executing sql [
select
    "AGG_WI2_WOW167_SALESFACT"."DIVISIONNO" as "c0",
    "WI2_WOW167_PRODDIM"."DIVISIONDESCRIPTION" as "c1",
    "WI2_STAR_CUSTOMER_VIEW_ASIS"."COUNTRYID" as "c2"
from
    "DB_2631257"."AGG_WI2_WOW167_SALESFACT" "AGG_WI2_WOW167_SALESFACT",
    "DB_2631257"."WI2_WOW167_PRODDIM" "WI2_WOW167_PRODDIM",
    (select CUSTOMER_NO, COUNTRYID, CITYNAME, SALESORGNO, SALESORGDESCRIPTION, CUSTOMERDESCRIPTION
            from DB_2631257.WI2_WOW167_CUSTDIM
            where CURRENT_DATE between VALIDFROM and VALIDTO) "WI2_STAR_CUSTOMER_VIEW_ASIS"
where
    "WI2_WOW167_PRODDIM"."DIVISIONNO" = "AGG_WI2_WOW167_SALESFACT"."DIVISIONNO"
and
    "AGG_WI2_WOW167_SALESFACT"."CUSTOMER_NO" = "WI2_STAR_CUSTOMER_VIEW_ASIS"."CUSTOMER_NO"
group by
    "AGG_WI2_WOW167_SALESFACT"."DIVISIONNO",
    "WI2_WOW167_PRODDIM"."DIVISIONDESCRIPTION",
    "WI2_STAR_CUSTOMER_VIEW_ASIS"."COUNTRYID"
order by
    "AGG_WI2_WOW167_SALESFACT"."DIVISIONNO" ASC NULLS LAST,
    "WI2_STAR_CUSTOMER_VIEW_ASIS"."COUNTRYID" ASC NULLS LAST]
2023-06-09 11:07:35,510 DEBUG [mondrian.sql] 41: , exec 33 ms
2023-06-09 11:07:35,510 DEBUG [mondrian.sql] 41: , exec+fetch 33 ms, 4 rows
